2020-12-02 15:28:31 [restartedMain] INFO  com.bjfu.wordlates.WordlatesApplication - Starting WordlatesApplication on DESKTOP-TJTSLKU with PID 14164 (C:\Users\15174\IdeaProjects\wordlates\target\classes started by 15174 in C:\Users\15174\IdeaProjects\wordlates)
2020-12-02 15:28:31 [restartedMain] INFO  com.bjfu.wordlates.WordlatesApplication - No active profile set, falling back to default profiles: default
2020-12-02 15:28:31 [restartedMain] INFO  o.s.b.d.env.DevToolsPropertyDefaultsPostProcessor - Devtools property defaults active! Set 'spring.devtools.add-properties' to 'false' to disable
2020-12-02 15:28:31 [restartedMain] INFO  o.s.b.d.env.DevToolsPropertyDefaultsPostProcessor - For additional web related logging consider setting the 'logging.level.web' property to 'DEBUG'
2020-12-02 15:28:32 [restartedMain] WARN  org.mybatis.spring.mapper.ClassPathMapperScanner - No MyBatis mapper was found in '[com.bjfu.wordlates.entity]' package. Please check your configuration.
2020-12-02 15:28:32 [restartedMain] INFO  o.s.boot.web.embedded.tomcat.TomcatWebServer - Tomcat initialized with port(s): 8881 (http)
2020-12-02 15:28:32 [restartedMain] INFO  org.apache.coyote.http11.Http11NioProtocol - Initializing ProtocolHandler ["http-nio-8881"]
2020-12-02 15:28:32 [restartedMain] INFO  org.apache.catalina.core.StandardService - Starting service [Tomcat]
2020-12-02 15:28:32 [restartedMain] INFO  org.apache.catalina.core.StandardEngine - Starting Servlet engine: [Apache Tomcat/9.0.38]
2020-12-02 15:28:32 [restartedMain] INFO  o.a.c.core.ContainerBase.[Tomcat].[localhost].[/] - Initializing Spring embedded WebApplicationContext
2020-12-02 15:28:32 [restartedMain] INFO  o.s.b.w.s.c.ServletWebServerApplicationContext - Root WebApplicationContext: initialization completed in 1318 ms
2020-12-02 15:28:33 [restartedMain] INFO  s.d.s.w.PropertySourcedRequestMappingHandlerMapping - Mapped URL path [/v2/api-docs] onto method [springfox.documentation.swagger2.web.Swagger2Controller#getDocumentation(String, HttpServletRequest)]
2020-12-02 15:28:33 [restartedMain] INFO  o.s.scheduling.concurrent.ThreadPoolTaskExecutor - Initializing ExecutorService 'applicationTaskExecutor'
2020-12-02 15:28:33 [restartedMain] INFO  o.s.b.d.autoconfigure.OptionalLiveReloadServer - LiveReload server is running on port 35729
2020-12-02 15:28:33 [restartedMain] WARN  o.s.b.a.t.ThymeleafAutoConfiguration$DefaultTemplateResolverConfiguration - Cannot find template location: classpath:/templates/ (please add some templates or check your Thymeleaf configuration)
2020-12-02 15:28:33 [restartedMain] INFO  org.apache.coyote.http11.Http11NioProtocol - Starting ProtocolHandler ["http-nio-8881"]
2020-12-02 15:28:33 [restartedMain] INFO  o.s.boot.web.embedded.tomcat.TomcatWebServer - Tomcat started on port(s): 8881 (http) with context path ''
2020-12-02 15:28:33 [restartedMain] INFO  s.d.s.web.plugins.DocumentationPluginsBootstrapper - Context refreshed
2020-12-02 15:28:33 [restartedMain] INFO  s.d.s.web.plugins.DocumentationPluginsBootstrapper - Found 1 custom documentation plugin(s)
2020-12-02 15:28:33 [restartedMain] INFO  s.d.spring.web.scanners.ApiListingReferenceScanner - Scanning for api listing references
2020-12-02 15:28:33 [restartedMain] INFO  com.bjfu.wordlates.WordlatesApplication - Started WordlatesApplication in 2.824 seconds (JVM running for 3.809)
2020-12-02 15:41:20 [http-nio-8881-exec-1] INFO  o.a.c.core.ContainerBase.[Tomcat].[localhost].[/] - Initializing Spring DispatcherServlet 'dispatcherServlet'
2020-12-02 15:41:20 [http-nio-8881-exec-1] INFO  org.springframework.web.servlet.DispatcherServlet - Initializing Servlet 'dispatcherServlet'
2020-12-02 15:41:20 [http-nio-8881-exec-1] INFO  org.springframework.web.servlet.DispatcherServlet - Completed initialization in 13 ms
2020-12-02 15:41:20 [http-nio-8881-exec-2] INFO  com.zaxxer.hikari.HikariDataSource - mysql - Starting...
2020-12-02 15:41:20 [http-nio-8881-exec-2] WARN  com.zaxxer.hikari.util.DriverDataSource - Registered driver with driverClassName=com.mysql.jdbc.Driver was not found, trying direct instantiation.
2020-12-02 15:41:20 [http-nio-8881-exec-2] INFO  com.zaxxer.hikari.HikariDataSource - mysql - Start completed.
2020-12-02 15:41:39 [http-nio-8881-exec-4] INFO  com.bjfu.wordlates.utils.POIUtil - word文件成功生成！
