2021-06-27 00:01:04 [restartedMain] INFO  com.bjfu.wordlates.WordlatesApplication - Starting WordlatesApplication on albert with PID 20340 (C:\Users\15174\IdeaProjects\wordlates1\target\classes started by 15174 in C:\Users\15174\IdeaProjects\wordlates1)
2021-06-27 00:01:04 [restartedMain] INFO  com.bjfu.wordlates.WordlatesApplication - The following profiles are active: $spring.active$
2021-06-27 00:01:04 [restartedMain] INFO  o.s.b.d.env.DevToolsPropertyDefaultsPostProcessor - Devtools property defaults active! Set 'spring.devtools.add-properties' to 'false' to disable
2021-06-27 00:01:04 [restartedMain] INFO  o.s.b.d.env.DevToolsPropertyDefaultsPostProcessor - For additional web related logging consider setting the 'logging.level.web' property to 'DEBUG'
2021-06-27 00:01:04 [restartedMain] WARN  org.mybatis.spring.mapper.ClassPathMapperScanner - No MyBatis mapper was found in '[com.bjfu.wordlates.entity]' package. Please check your configuration.
2021-06-27 00:01:05 [restartedMain] INFO  o.s.boot.web.embedded.tomcat.TomcatWebServer - Tomcat initialized with port(s): 8881 (http)
2021-06-27 00:01:05 [restartedMain] INFO  org.apache.coyote.http11.Http11NioProtocol - Initializing ProtocolHandler ["http-nio-8881"]
2021-06-27 00:01:05 [restartedMain] INFO  org.apache.catalina.core.StandardService - Starting service [Tomcat]
2021-06-27 00:01:05 [restartedMain] INFO  org.apache.catalina.core.StandardEngine - Starting Servlet engine: [Apache Tomcat/9.0.38]
2021-06-27 00:01:05 [restartedMain] INFO  o.a.c.core.ContainerBase.[Tomcat].[localhost].[/] - Initializing Spring embedded WebApplicationContext
2021-06-27 00:01:05 [restartedMain] INFO  o.s.b.w.s.c.ServletWebServerApplicationContext - Root WebApplicationContext: initialization completed in 1091 ms
2021-06-27 00:01:05 [restartedMain] INFO  s.d.s.w.PropertySourcedRequestMappingHandlerMapping - Mapped URL path [/v2/api-docs] onto method [springfox.documentation.swagger2.web.Swagger2Controller#getDocumentation(String, HttpServletRequest)]
2021-06-27 00:01:05 [restartedMain] INFO  o.s.scheduling.concurrent.ThreadPoolTaskExecutor - Initializing ExecutorService 'applicationTaskExecutor'
2021-06-27 00:01:05 [restartedMain] INFO  o.s.b.d.autoconfigure.OptionalLiveReloadServer - LiveReload server is running on port 35729
2021-06-27 00:01:05 [restartedMain] WARN  o.s.b.a.t.ThymeleafAutoConfiguration$DefaultTemplateResolverConfiguration - Cannot find template location: classpath:/templates/ (please add some templates or check your Thymeleaf configuration)
2021-06-27 00:01:05 [restartedMain] INFO  org.apache.coyote.http11.Http11NioProtocol - Starting ProtocolHandler ["http-nio-8881"]
2021-06-27 00:01:05 [restartedMain] INFO  o.s.boot.web.embedded.tomcat.TomcatWebServer - Tomcat started on port(s): 8881 (http) with context path ''
2021-06-27 00:01:05 [restartedMain] INFO  s.d.s.web.plugins.DocumentationPluginsBootstrapper - Context refreshed
2021-06-27 00:01:05 [restartedMain] INFO  s.d.s.web.plugins.DocumentationPluginsBootstrapper - Found 1 custom documentation plugin(s)
2021-06-27 00:01:06 [restartedMain] INFO  s.d.spring.web.scanners.ApiListingReferenceScanner - Scanning for api listing references
2021-06-27 00:01:06 [restartedMain] INFO  com.bjfu.wordlates.WordlatesApplication - Started WordlatesApplication in 2.177 seconds (JVM running for 3.124)
2021-06-27 00:01:08 [http-nio-8881-exec-1] INFO  o.a.c.core.ContainerBase.[Tomcat].[localhost].[/] - Initializing Spring DispatcherServlet 'dispatcherServlet'
2021-06-27 00:01:08 [http-nio-8881-exec-1] INFO  org.springframework.web.servlet.DispatcherServlet - Initializing Servlet 'dispatcherServlet'
2021-06-27 00:01:08 [http-nio-8881-exec-1] INFO  org.springframework.web.servlet.DispatcherServlet - Completed initialization in 4 ms
2021-06-27 00:04:01 [restartedMain] INFO  com.bjfu.wordlates.WordlatesApplication - Starting WordlatesApplication on albert with PID 28352 (C:\Users\15174\IdeaProjects\wordlates1\target\classes started by 15174 in C:\Users\15174\IdeaProjects\wordlates1)
2021-06-27 00:04:01 [restartedMain] INFO  com.bjfu.wordlates.WordlatesApplication - The following profiles are active: $spring.active$
2021-06-27 00:04:01 [restartedMain] INFO  o.s.b.d.env.DevToolsPropertyDefaultsPostProcessor - Devtools property defaults active! Set 'spring.devtools.add-properties' to 'false' to disable
2021-06-27 00:04:01 [restartedMain] INFO  o.s.b.d.env.DevToolsPropertyDefaultsPostProcessor - For additional web related logging consider setting the 'logging.level.web' property to 'DEBUG'
2021-06-27 00:04:02 [restartedMain] WARN  org.mybatis.spring.mapper.ClassPathMapperScanner - No MyBatis mapper was found in '[com.bjfu.wordlates.entity]' package. Please check your configuration.
2021-06-27 00:04:02 [restartedMain] INFO  o.s.boot.web.embedded.tomcat.TomcatWebServer - Tomcat initialized with port(s): 8881 (http)
2021-06-27 00:04:02 [restartedMain] INFO  org.apache.coyote.http11.Http11NioProtocol - Initializing ProtocolHandler ["http-nio-8881"]
2021-06-27 00:04:02 [restartedMain] INFO  org.apache.catalina.core.StandardService - Starting service [Tomcat]
2021-06-27 00:04:02 [restartedMain] INFO  org.apache.catalina.core.StandardEngine - Starting Servlet engine: [Apache Tomcat/9.0.38]
2021-06-27 00:04:02 [restartedMain] INFO  o.a.c.core.ContainerBase.[Tomcat].[localhost].[/] - Initializing Spring embedded WebApplicationContext
2021-06-27 00:04:02 [restartedMain] INFO  o.s.b.w.s.c.ServletWebServerApplicationContext - Root WebApplicationContext: initialization completed in 1103 ms
2021-06-27 00:04:03 [restartedMain] INFO  s.d.s.w.PropertySourcedRequestMappingHandlerMapping - Mapped URL path [/v2/api-docs] onto method [springfox.documentation.swagger2.web.Swagger2Controller#getDocumentation(String, HttpServletRequest)]
2021-06-27 00:04:03 [restartedMain] INFO  o.s.scheduling.concurrent.ThreadPoolTaskExecutor - Initializing ExecutorService 'applicationTaskExecutor'
2021-06-27 00:04:03 [restartedMain] INFO  o.s.b.d.autoconfigure.OptionalLiveReloadServer - LiveReload server is running on port 35729
2021-06-27 00:04:03 [restartedMain] WARN  o.s.b.a.t.ThymeleafAutoConfiguration$DefaultTemplateResolverConfiguration - Cannot find template location: classpath:/templates/ (please add some templates or check your Thymeleaf configuration)
2021-06-27 00:04:03 [restartedMain] INFO  org.apache.coyote.http11.Http11NioProtocol - Starting ProtocolHandler ["http-nio-8881"]
2021-06-27 00:04:03 [restartedMain] INFO  o.s.boot.web.embedded.tomcat.TomcatWebServer - Tomcat started on port(s): 8881 (http) with context path ''
2021-06-27 00:04:03 [restartedMain] INFO  s.d.s.web.plugins.DocumentationPluginsBootstrapper - Context refreshed
2021-06-27 00:04:03 [restartedMain] INFO  s.d.s.web.plugins.DocumentationPluginsBootstrapper - Found 1 custom documentation plugin(s)
2021-06-27 00:04:03 [restartedMain] INFO  s.d.spring.web.scanners.ApiListingReferenceScanner - Scanning for api listing references
2021-06-27 00:04:03 [restartedMain] INFO  com.bjfu.wordlates.WordlatesApplication - Started WordlatesApplication in 2.182 seconds (JVM running for 3.094)
2021-06-27 00:04:07 [http-nio-8881-exec-1] INFO  o.a.c.core.ContainerBase.[Tomcat].[localhost].[/] - Initializing Spring DispatcherServlet 'dispatcherServlet'
2021-06-27 00:04:07 [http-nio-8881-exec-1] INFO  org.springframework.web.servlet.DispatcherServlet - Initializing Servlet 'dispatcherServlet'
2021-06-27 00:04:07 [http-nio-8881-exec-1] INFO  org.springframework.web.servlet.DispatcherServlet - Completed initialization in 4 ms
2021-06-27 00:18:42 [restartedMain] INFO  com.bjfu.wordlates.WordlatesApplication - Starting WordlatesApplication on albert with PID 25800 (C:\Users\15174\IdeaProjects\wordlates1\target\classes started by 15174 in C:\Users\15174\IdeaProjects\wordlates1)
2021-06-27 00:18:42 [restartedMain] INFO  com.bjfu.wordlates.WordlatesApplication - The following profiles are active: $spring.active$
2021-06-27 00:18:42 [restartedMain] INFO  o.s.b.d.env.DevToolsPropertyDefaultsPostProcessor - Devtools property defaults active! Set 'spring.devtools.add-properties' to 'false' to disable
2021-06-27 00:18:42 [restartedMain] INFO  o.s.b.d.env.DevToolsPropertyDefaultsPostProcessor - For additional web related logging consider setting the 'logging.level.web' property to 'DEBUG'
2021-06-27 00:18:43 [restartedMain] WARN  org.mybatis.spring.mapper.ClassPathMapperScanner - No MyBatis mapper was found in '[com.bjfu.wordlates.entity]' package. Please check your configuration.
2021-06-27 00:18:43 [restartedMain] INFO  o.s.boot.web.embedded.tomcat.TomcatWebServer - Tomcat initialized with port(s): 8881 (http)
2021-06-27 00:18:43 [restartedMain] INFO  org.apache.coyote.http11.Http11NioProtocol - Initializing ProtocolHandler ["http-nio-8881"]
2021-06-27 00:18:43 [restartedMain] INFO  org.apache.catalina.core.StandardService - Starting service [Tomcat]
2021-06-27 00:18:43 [restartedMain] INFO  org.apache.catalina.core.StandardEngine - Starting Servlet engine: [Apache Tomcat/9.0.38]
2021-06-27 00:18:44 [restartedMain] INFO  o.a.c.core.ContainerBase.[Tomcat].[localhost].[/] - Initializing Spring embedded WebApplicationContext
2021-06-27 00:18:44 [restartedMain] INFO  o.s.b.w.s.c.ServletWebServerApplicationContext - Root WebApplicationContext: initialization completed in 1179 ms
2021-06-27 00:18:44 [restartedMain] INFO  s.d.s.w.PropertySourcedRequestMappingHandlerMapping - Mapped URL path [/v2/api-docs] onto method [springfox.documentation.swagger2.web.Swagger2Controller#getDocumentation(String, HttpServletRequest)]
2021-06-27 00:18:44 [restartedMain] INFO  o.s.scheduling.concurrent.ThreadPoolTaskExecutor - Initializing ExecutorService 'applicationTaskExecutor'
2021-06-27 00:18:44 [restartedMain] INFO  o.s.b.d.autoconfigure.OptionalLiveReloadServer - LiveReload server is running on port 35729
2021-06-27 00:18:44 [restartedMain] WARN  o.s.b.a.t.ThymeleafAutoConfiguration$DefaultTemplateResolverConfiguration - Cannot find template location: classpath:/templates/ (please add some templates or check your Thymeleaf configuration)
2021-06-27 00:18:44 [restartedMain] INFO  org.apache.coyote.http11.Http11NioProtocol - Starting ProtocolHandler ["http-nio-8881"]
2021-06-27 00:18:44 [restartedMain] INFO  o.s.boot.web.embedded.tomcat.TomcatWebServer - Tomcat started on port(s): 8881 (http) with context path ''
2021-06-27 00:18:44 [restartedMain] INFO  s.d.s.web.plugins.DocumentationPluginsBootstrapper - Context refreshed
2021-06-27 00:18:44 [restartedMain] INFO  s.d.s.web.plugins.DocumentationPluginsBootstrapper - Found 1 custom documentation plugin(s)
2021-06-27 00:18:44 [restartedMain] INFO  s.d.spring.web.scanners.ApiListingReferenceScanner - Scanning for api listing references
2021-06-27 00:18:44 [restartedMain] INFO  com.bjfu.wordlates.WordlatesApplication - Started WordlatesApplication in 2.31 seconds (JVM running for 3.444)
2021-06-27 00:18:54 [http-nio-8881-exec-1] INFO  o.a.c.core.ContainerBase.[Tomcat].[localhost].[/] - Initializing Spring DispatcherServlet 'dispatcherServlet'
2021-06-27 00:18:54 [http-nio-8881-exec-1] INFO  org.springframework.web.servlet.DispatcherServlet - Initializing Servlet 'dispatcherServlet'
2021-06-27 00:18:54 [http-nio-8881-exec-1] INFO  org.springframework.web.servlet.DispatcherServlet - Completed initialization in 5 ms
2021-06-27 00:21:30 [restartedMain] INFO  com.bjfu.wordlates.WordlatesApplication - Starting WordlatesApplication on albert with PID 27172 (C:\Users\15174\IdeaProjects\wordlates1\target\classes started by 15174 in C:\Users\15174\IdeaProjects\wordlates1)
2021-06-27 00:21:30 [restartedMain] INFO  com.bjfu.wordlates.WordlatesApplication - The following profiles are active: $spring.active$
2021-06-27 00:21:30 [restartedMain] INFO  o.s.b.d.env.DevToolsPropertyDefaultsPostProcessor - Devtools property defaults active! Set 'spring.devtools.add-properties' to 'false' to disable
2021-06-27 00:21:30 [restartedMain] INFO  o.s.b.d.env.DevToolsPropertyDefaultsPostProcessor - For additional web related logging consider setting the 'logging.level.web' property to 'DEBUG'
2021-06-27 00:21:30 [restartedMain] WARN  org.mybatis.spring.mapper.ClassPathMapperScanner - No MyBatis mapper was found in '[com.bjfu.wordlates.entity]' package. Please check your configuration.
2021-06-27 00:21:31 [restartedMain] INFO  o.s.boot.web.embedded.tomcat.TomcatWebServer - Tomcat initialized with port(s): 8881 (http)
2021-06-27 00:21:31 [restartedMain] INFO  org.apache.coyote.http11.Http11NioProtocol - Initializing ProtocolHandler ["http-nio-8881"]
2021-06-27 00:21:31 [restartedMain] INFO  org.apache.catalina.core.StandardService - Starting service [Tomcat]
2021-06-27 00:21:31 [restartedMain] INFO  org.apache.catalina.core.StandardEngine - Starting Servlet engine: [Apache Tomcat/9.0.38]
2021-06-27 00:21:31 [restartedMain] INFO  o.a.c.core.ContainerBase.[Tomcat].[localhost].[/] - Initializing Spring embedded WebApplicationContext
2021-06-27 00:21:31 [restartedMain] INFO  o.s.b.w.s.c.ServletWebServerApplicationContext - Root WebApplicationContext: initialization completed in 1117 ms
2021-06-27 00:21:31 [restartedMain] INFO  s.d.s.w.PropertySourcedRequestMappingHandlerMapping - Mapped URL path [/v2/api-docs] onto method [springfox.documentation.swagger2.web.Swagger2Controller#getDocumentation(String, HttpServletRequest)]
2021-06-27 00:21:31 [restartedMain] INFO  o.s.scheduling.concurrent.ThreadPoolTaskExecutor - Initializing ExecutorService 'applicationTaskExecutor'
2021-06-27 00:21:31 [restartedMain] INFO  o.s.b.d.autoconfigure.OptionalLiveReloadServer - LiveReload server is running on port 35729
2021-06-27 00:21:31 [restartedMain] WARN  o.s.b.a.t.ThymeleafAutoConfiguration$DefaultTemplateResolverConfiguration - Cannot find template location: classpath:/templates/ (please add some templates or check your Thymeleaf configuration)
2021-06-27 00:21:31 [restartedMain] INFO  org.apache.coyote.http11.Http11NioProtocol - Starting ProtocolHandler ["http-nio-8881"]
2021-06-27 00:21:31 [restartedMain] INFO  o.s.boot.web.embedded.tomcat.TomcatWebServer - Tomcat started on port(s): 8881 (http) with context path ''
2021-06-27 00:21:31 [restartedMain] INFO  s.d.s.web.plugins.DocumentationPluginsBootstrapper - Context refreshed
2021-06-27 00:21:31 [restartedMain] INFO  s.d.s.web.plugins.DocumentationPluginsBootstrapper - Found 1 custom documentation plugin(s)
2021-06-27 00:21:31 [restartedMain] INFO  s.d.spring.web.scanners.ApiListingReferenceScanner - Scanning for api listing references
2021-06-27 00:21:31 [restartedMain] INFO  com.bjfu.wordlates.WordlatesApplication - Started WordlatesApplication in 2.209 seconds (JVM running for 3.17)
2021-06-27 00:21:36 [http-nio-8881-exec-1] INFO  o.a.c.core.ContainerBase.[Tomcat].[localhost].[/] - Initializing Spring DispatcherServlet 'dispatcherServlet'
2021-06-27 00:21:36 [http-nio-8881-exec-1] INFO  org.springframework.web.servlet.DispatcherServlet - Initializing Servlet 'dispatcherServlet'
2021-06-27 00:21:36 [http-nio-8881-exec-1] INFO  org.springframework.web.servlet.DispatcherServlet - Completed initialization in 4 ms
2021-06-27 00:24:42 [restartedMain] INFO  com.bjfu.wordlates.WordlatesApplication - Starting WordlatesApplication on albert with PID 11244 (C:\Users\15174\IdeaProjects\wordlates1\target\classes started by 15174 in C:\Users\15174\IdeaProjects\wordlates1)
2021-06-27 00:24:42 [restartedMain] INFO  com.bjfu.wordlates.WordlatesApplication - The following profiles are active: $spring.active$
2021-06-27 00:24:42 [restartedMain] INFO  o.s.b.d.env.DevToolsPropertyDefaultsPostProcessor - Devtools property defaults active! Set 'spring.devtools.add-properties' to 'false' to disable
2021-06-27 00:24:42 [restartedMain] INFO  o.s.b.d.env.DevToolsPropertyDefaultsPostProcessor - For additional web related logging consider setting the 'logging.level.web' property to 'DEBUG'
2021-06-27 00:24:42 [restartedMain] WARN  org.mybatis.spring.mapper.ClassPathMapperScanner - No MyBatis mapper was found in '[com.bjfu.wordlates.entity]' package. Please check your configuration.
2021-06-27 00:24:43 [restartedMain] INFO  o.s.boot.web.embedded.tomcat.TomcatWebServer - Tomcat initialized with port(s): 8881 (http)
2021-06-27 00:24:43 [restartedMain] INFO  org.apache.coyote.http11.Http11NioProtocol - Initializing ProtocolHandler ["http-nio-8881"]
2021-06-27 00:24:43 [restartedMain] INFO  org.apache.catalina.core.StandardService - Starting service [Tomcat]
2021-06-27 00:24:43 [restartedMain] INFO  org.apache.catalina.core.StandardEngine - Starting Servlet engine: [Apache Tomcat/9.0.38]
2021-06-27 00:24:43 [restartedMain] INFO  o.a.c.core.ContainerBase.[Tomcat].[localhost].[/] - Initializing Spring embedded WebApplicationContext
2021-06-27 00:24:43 [restartedMain] INFO  o.s.b.w.s.c.ServletWebServerApplicationContext - Root WebApplicationContext: initialization completed in 1096 ms
2021-06-27 00:24:43 [restartedMain] INFO  s.d.s.w.PropertySourcedRequestMappingHandlerMapping - Mapped URL path [/v2/api-docs] onto method [springfox.documentation.swagger2.web.Swagger2Controller#getDocumentation(String, HttpServletRequest)]
2021-06-27 00:24:43 [restartedMain] INFO  o.s.scheduling.concurrent.ThreadPoolTaskExecutor - Initializing ExecutorService 'applicationTaskExecutor'
2021-06-27 00:24:43 [restartedMain] INFO  o.s.b.d.autoconfigure.OptionalLiveReloadServer - LiveReload server is running on port 35729
2021-06-27 00:24:43 [restartedMain] WARN  o.s.b.a.t.ThymeleafAutoConfiguration$DefaultTemplateResolverConfiguration - Cannot find template location: classpath:/templates/ (please add some templates or check your Thymeleaf configuration)
2021-06-27 00:24:43 [restartedMain] INFO  org.apache.coyote.http11.Http11NioProtocol - Starting ProtocolHandler ["http-nio-8881"]
2021-06-27 00:24:43 [restartedMain] INFO  o.s.boot.web.embedded.tomcat.TomcatWebServer - Tomcat started on port(s): 8881 (http) with context path ''
2021-06-27 00:24:43 [restartedMain] INFO  s.d.s.web.plugins.DocumentationPluginsBootstrapper - Context refreshed
2021-06-27 00:24:43 [restartedMain] INFO  s.d.s.web.plugins.DocumentationPluginsBootstrapper - Found 1 custom documentation plugin(s)
2021-06-27 00:24:44 [restartedMain] INFO  s.d.spring.web.scanners.ApiListingReferenceScanner - Scanning for api listing references
2021-06-27 00:24:44 [restartedMain] INFO  com.bjfu.wordlates.WordlatesApplication - Started WordlatesApplication in 2.186 seconds (JVM running for 3.142)
2021-06-27 00:24:47 [http-nio-8881-exec-1] INFO  o.a.c.core.ContainerBase.[Tomcat].[localhost].[/] - Initializing Spring DispatcherServlet 'dispatcherServlet'
2021-06-27 00:24:47 [http-nio-8881-exec-1] INFO  org.springframework.web.servlet.DispatcherServlet - Initializing Servlet 'dispatcherServlet'
2021-06-27 00:24:47 [http-nio-8881-exec-1] INFO  org.springframework.web.servlet.DispatcherServlet - Completed initialization in 4 ms
2021-06-27 00:25:29 [restartedMain] INFO  com.bjfu.wordlates.WordlatesApplication - Starting WordlatesApplication on albert with PID 7520 (C:\Users\15174\IdeaProjects\wordlates1\target\classes started by 15174 in C:\Users\15174\IdeaProjects\wordlates1)
2021-06-27 00:25:29 [restartedMain] INFO  com.bjfu.wordlates.WordlatesApplication - The following profiles are active: $spring.active$
2021-06-27 00:25:29 [restartedMain] INFO  o.s.b.d.env.DevToolsPropertyDefaultsPostProcessor - Devtools property defaults active! Set 'spring.devtools.add-properties' to 'false' to disable
2021-06-27 00:25:29 [restartedMain] INFO  o.s.b.d.env.DevToolsPropertyDefaultsPostProcessor - For additional web related logging consider setting the 'logging.level.web' property to 'DEBUG'
2021-06-27 00:25:29 [restartedMain] WARN  org.mybatis.spring.mapper.ClassPathMapperScanner - No MyBatis mapper was found in '[com.bjfu.wordlates.entity]' package. Please check your configuration.
2021-06-27 00:25:30 [restartedMain] INFO  o.s.boot.web.embedded.tomcat.TomcatWebServer - Tomcat initialized with port(s): 8881 (http)
2021-06-27 00:25:30 [restartedMain] INFO  org.apache.coyote.http11.Http11NioProtocol - Initializing ProtocolHandler ["http-nio-8881"]
2021-06-27 00:25:30 [restartedMain] INFO  org.apache.catalina.core.StandardService - Starting service [Tomcat]
2021-06-27 00:25:30 [restartedMain] INFO  org.apache.catalina.core.StandardEngine - Starting Servlet engine: [Apache Tomcat/9.0.38]
2021-06-27 00:25:30 [restartedMain] INFO  o.a.c.core.ContainerBase.[Tomcat].[localhost].[/] - Initializing Spring embedded WebApplicationContext
2021-06-27 00:25:30 [restartedMain] INFO  o.s.b.w.s.c.ServletWebServerApplicationContext - Root WebApplicationContext: initialization completed in 1083 ms
2021-06-27 00:25:30 [restartedMain] INFO  s.d.s.w.PropertySourcedRequestMappingHandlerMapping - Mapped URL path [/v2/api-docs] onto method [springfox.documentation.swagger2.web.Swagger2Controller#getDocumentation(String, HttpServletRequest)]
2021-06-27 00:25:30 [restartedMain] INFO  o.s.scheduling.concurrent.ThreadPoolTaskExecutor - Initializing ExecutorService 'applicationTaskExecutor'
2021-06-27 00:25:30 [restartedMain] INFO  o.s.b.d.autoconfigure.OptionalLiveReloadServer - LiveReload server is running on port 35729
2021-06-27 00:25:30 [restartedMain] WARN  o.s.b.a.t.ThymeleafAutoConfiguration$DefaultTemplateResolverConfiguration - Cannot find template location: classpath:/templates/ (please add some templates or check your Thymeleaf configuration)
2021-06-27 00:25:31 [restartedMain] INFO  org.apache.coyote.http11.Http11NioProtocol - Starting ProtocolHandler ["http-nio-8881"]
2021-06-27 00:25:31 [restartedMain] INFO  o.s.boot.web.embedded.tomcat.TomcatWebServer - Tomcat started on port(s): 8881 (http) with context path ''
2021-06-27 00:25:31 [restartedMain] INFO  s.d.s.web.plugins.DocumentationPluginsBootstrapper - Context refreshed
2021-06-27 00:25:31 [restartedMain] INFO  s.d.s.web.plugins.DocumentationPluginsBootstrapper - Found 1 custom documentation plugin(s)
2021-06-27 00:25:31 [restartedMain] INFO  s.d.spring.web.scanners.ApiListingReferenceScanner - Scanning for api listing references
2021-06-27 00:25:31 [restartedMain] INFO  com.bjfu.wordlates.WordlatesApplication - Started WordlatesApplication in 2.166 seconds (JVM running for 3.146)
2021-06-27 00:25:33 [http-nio-8881-exec-1] INFO  o.a.c.core.ContainerBase.[Tomcat].[localhost].[/] - Initializing Spring DispatcherServlet 'dispatcherServlet'
2021-06-27 00:25:33 [http-nio-8881-exec-1] INFO  org.springframework.web.servlet.DispatcherServlet - Initializing Servlet 'dispatcherServlet'
2021-06-27 00:25:33 [http-nio-8881-exec-1] INFO  org.springframework.web.servlet.DispatcherServlet - Completed initialization in 4 ms
2021-06-27 00:28:25 [restartedMain] INFO  com.bjfu.wordlates.WordlatesApplication - Starting WordlatesApplication on albert with PID 21740 (C:\Users\15174\IdeaProjects\wordlates1\target\classes started by 15174 in C:\Users\15174\IdeaProjects\wordlates1)
2021-06-27 00:28:25 [restartedMain] INFO  com.bjfu.wordlates.WordlatesApplication - The following profiles are active: $spring.active$
2021-06-27 00:28:25 [restartedMain] INFO  o.s.b.d.env.DevToolsPropertyDefaultsPostProcessor - Devtools property defaults active! Set 'spring.devtools.add-properties' to 'false' to disable
2021-06-27 00:28:25 [restartedMain] INFO  o.s.b.d.env.DevToolsPropertyDefaultsPostProcessor - For additional web related logging consider setting the 'logging.level.web' property to 'DEBUG'
2021-06-27 00:28:25 [restartedMain] WARN  org.mybatis.spring.mapper.ClassPathMapperScanner - No MyBatis mapper was found in '[com.bjfu.wordlates.entity]' package. Please check your configuration.
2021-06-27 00:28:26 [restartedMain] INFO  o.s.boot.web.embedded.tomcat.TomcatWebServer - Tomcat initialized with port(s): 8881 (http)
2021-06-27 00:28:26 [restartedMain] INFO  org.apache.coyote.http11.Http11NioProtocol - Initializing ProtocolHandler ["http-nio-8881"]
2021-06-27 00:28:26 [restartedMain] INFO  org.apache.catalina.core.StandardService - Starting service [Tomcat]
2021-06-27 00:28:26 [restartedMain] INFO  org.apache.catalina.core.StandardEngine - Starting Servlet engine: [Apache Tomcat/9.0.38]
2021-06-27 00:28:26 [restartedMain] INFO  o.a.c.core.ContainerBase.[Tomcat].[localhost].[/] - Initializing Spring embedded WebApplicationContext
2021-06-27 00:28:26 [restartedMain] INFO  o.s.b.w.s.c.ServletWebServerApplicationContext - Root WebApplicationContext: initialization completed in 1157 ms
2021-06-27 00:28:26 [restartedMain] INFO  s.d.s.w.PropertySourcedRequestMappingHandlerMapping - Mapped URL path [/v2/api-docs] onto method [springfox.documentation.swagger2.web.Swagger2Controller#getDocumentation(String, HttpServletRequest)]
2021-06-27 00:28:26 [restartedMain] INFO  o.s.scheduling.concurrent.ThreadPoolTaskExecutor - Initializing ExecutorService 'applicationTaskExecutor'
2021-06-27 00:28:26 [restartedMain] INFO  o.s.b.d.autoconfigure.OptionalLiveReloadServer - LiveReload server is running on port 35729
2021-06-27 00:28:27 [restartedMain] WARN  o.s.b.a.t.ThymeleafAutoConfiguration$DefaultTemplateResolverConfiguration - Cannot find template location: classpath:/templates/ (please add some templates or check your Thymeleaf configuration)
2021-06-27 00:28:27 [restartedMain] INFO  org.apache.coyote.http11.Http11NioProtocol - Starting ProtocolHandler ["http-nio-8881"]
2021-06-27 00:28:27 [restartedMain] INFO  o.s.boot.web.embedded.tomcat.TomcatWebServer - Tomcat started on port(s): 8881 (http) with context path ''
2021-06-27 00:28:27 [restartedMain] INFO  s.d.s.web.plugins.DocumentationPluginsBootstrapper - Context refreshed
2021-06-27 00:28:27 [restartedMain] INFO  s.d.s.web.plugins.DocumentationPluginsBootstrapper - Found 1 custom documentation plugin(s)
2021-06-27 00:28:27 [restartedMain] INFO  s.d.spring.web.scanners.ApiListingReferenceScanner - Scanning for api listing references
2021-06-27 00:28:27 [restartedMain] INFO  com.bjfu.wordlates.WordlatesApplication - Started WordlatesApplication in 2.26 seconds (JVM running for 3.332)
2021-06-27 00:28:29 [http-nio-8881-exec-1] INFO  o.a.c.core.ContainerBase.[Tomcat].[localhost].[/] - Initializing Spring DispatcherServlet 'dispatcherServlet'
2021-06-27 00:28:29 [http-nio-8881-exec-1] INFO  org.springframework.web.servlet.DispatcherServlet - Initializing Servlet 'dispatcherServlet'
2021-06-27 00:28:29 [http-nio-8881-exec-1] INFO  org.springframework.web.servlet.DispatcherServlet - Completed initialization in 3 ms
2021-06-27 00:32:23 [restartedMain] INFO  com.bjfu.wordlates.WordlatesApplication - Starting WordlatesApplication on albert with PID 23772 (C:\Users\15174\IdeaProjects\wordlates1\target\classes started by 15174 in C:\Users\15174\IdeaProjects\wordlates1)
2021-06-27 00:32:23 [restartedMain] INFO  com.bjfu.wordlates.WordlatesApplication - The following profiles are active: $spring.active$
2021-06-27 00:32:23 [restartedMain] INFO  o.s.b.d.env.DevToolsPropertyDefaultsPostProcessor - Devtools property defaults active! Set 'spring.devtools.add-properties' to 'false' to disable
2021-06-27 00:32:23 [restartedMain] INFO  o.s.b.d.env.DevToolsPropertyDefaultsPostProcessor - For additional web related logging consider setting the 'logging.level.web' property to 'DEBUG'
2021-06-27 00:32:24 [restartedMain] WARN  org.mybatis.spring.mapper.ClassPathMapperScanner - No MyBatis mapper was found in '[com.bjfu.wordlates.entity]' package. Please check your configuration.
2021-06-27 00:32:24 [restartedMain] INFO  o.s.boot.web.embedded.tomcat.TomcatWebServer - Tomcat initialized with port(s): 8881 (http)
2021-06-27 00:32:24 [restartedMain] INFO  org.apache.coyote.http11.Http11NioProtocol - Initializing ProtocolHandler ["http-nio-8881"]
2021-06-27 00:32:24 [restartedMain] INFO  org.apache.catalina.core.StandardService - Starting service [Tomcat]
2021-06-27 00:32:24 [restartedMain] INFO  org.apache.catalina.core.StandardEngine - Starting Servlet engine: [Apache Tomcat/9.0.38]
2021-06-27 00:32:24 [restartedMain] INFO  o.a.c.core.ContainerBase.[Tomcat].[localhost].[/] - Initializing Spring embedded WebApplicationContext
2021-06-27 00:32:24 [restartedMain] INFO  o.s.b.w.s.c.ServletWebServerApplicationContext - Root WebApplicationContext: initialization completed in 1078 ms
2021-06-27 00:32:25 [restartedMain] INFO  s.d.s.w.PropertySourcedRequestMappingHandlerMapping - Mapped URL path [/v2/api-docs] onto method [springfox.documentation.swagger2.web.Swagger2Controller#getDocumentation(String, HttpServletRequest)]
2021-06-27 00:32:25 [restartedMain] INFO  o.s.scheduling.concurrent.ThreadPoolTaskExecutor - Initializing ExecutorService 'applicationTaskExecutor'
2021-06-27 00:32:25 [restartedMain] INFO  o.s.b.d.autoconfigure.OptionalLiveReloadServer - LiveReload server is running on port 35729
2021-06-27 00:32:25 [restartedMain] WARN  o.s.b.a.t.ThymeleafAutoConfiguration$DefaultTemplateResolverConfiguration - Cannot find template location: classpath:/templates/ (please add some templates or check your Thymeleaf configuration)
2021-06-27 00:32:25 [restartedMain] INFO  org.apache.coyote.http11.Http11NioProtocol - Starting ProtocolHandler ["http-nio-8881"]
2021-06-27 00:32:25 [restartedMain] INFO  o.s.boot.web.embedded.tomcat.TomcatWebServer - Tomcat started on port(s): 8881 (http) with context path ''
2021-06-27 00:32:25 [restartedMain] INFO  s.d.s.web.plugins.DocumentationPluginsBootstrapper - Context refreshed
2021-06-27 00:32:25 [restartedMain] INFO  s.d.s.web.plugins.DocumentationPluginsBootstrapper - Found 1 custom documentation plugin(s)
2021-06-27 00:32:25 [restartedMain] INFO  s.d.spring.web.scanners.ApiListingReferenceScanner - Scanning for api listing references
2021-06-27 00:32:25 [restartedMain] INFO  com.bjfu.wordlates.WordlatesApplication - Started WordlatesApplication in 2.171 seconds (JVM running for 3.172)
2021-06-27 00:32:27 [http-nio-8881-exec-1] INFO  o.a.c.core.ContainerBase.[Tomcat].[localhost].[/] - Initializing Spring DispatcherServlet 'dispatcherServlet'
2021-06-27 00:32:27 [http-nio-8881-exec-1] INFO  org.springframework.web.servlet.DispatcherServlet - Initializing Servlet 'dispatcherServlet'
2021-06-27 00:32:27 [http-nio-8881-exec-1] INFO  org.springframework.web.servlet.DispatcherServlet - Completed initialization in 4 ms
2021-06-27 00:39:06 [restartedMain] INFO  com.bjfu.wordlates.WordlatesApplication - Starting WordlatesApplication on albert with PID 25896 (C:\Users\15174\IdeaProjects\wordlates1\target\classes started by 15174 in C:\Users\15174\IdeaProjects\wordlates1)
2021-06-27 00:39:06 [restartedMain] INFO  com.bjfu.wordlates.WordlatesApplication - The following profiles are active: $spring.active$
2021-06-27 00:39:06 [restartedMain] INFO  o.s.b.d.env.DevToolsPropertyDefaultsPostProcessor - Devtools property defaults active! Set 'spring.devtools.add-properties' to 'false' to disable
2021-06-27 00:39:06 [restartedMain] INFO  o.s.b.d.env.DevToolsPropertyDefaultsPostProcessor - For additional web related logging consider setting the 'logging.level.web' property to 'DEBUG'
2021-06-27 00:39:07 [restartedMain] WARN  org.mybatis.spring.mapper.ClassPathMapperScanner - No MyBatis mapper was found in '[com.bjfu.wordlates.entity]' package. Please check your configuration.
2021-06-27 00:39:07 [restartedMain] INFO  o.s.boot.web.embedded.tomcat.TomcatWebServer - Tomcat initialized with port(s): 8881 (http)
2021-06-27 00:39:07 [restartedMain] INFO  org.apache.coyote.http11.Http11NioProtocol - Initializing ProtocolHandler ["http-nio-8881"]
2021-06-27 00:39:07 [restartedMain] INFO  org.apache.catalina.core.StandardService - Starting service [Tomcat]
2021-06-27 00:39:07 [restartedMain] INFO  org.apache.catalina.core.StandardEngine - Starting Servlet engine: [Apache Tomcat/9.0.38]
2021-06-27 00:39:07 [restartedMain] INFO  o.a.c.core.ContainerBase.[Tomcat].[localhost].[/] - Initializing Spring embedded WebApplicationContext
2021-06-27 00:39:07 [restartedMain] INFO  o.s.b.w.s.c.ServletWebServerApplicationContext - Root WebApplicationContext: initialization completed in 1105 ms
2021-06-27 00:39:07 [restartedMain] INFO  s.d.s.w.PropertySourcedRequestMappingHandlerMapping - Mapped URL path [/v2/api-docs] onto method [springfox.documentation.swagger2.web.Swagger2Controller#getDocumentation(String, HttpServletRequest)]
2021-06-27 00:39:08 [restartedMain] INFO  o.s.scheduling.concurrent.ThreadPoolTaskExecutor - Initializing ExecutorService 'applicationTaskExecutor'
2021-06-27 00:39:08 [restartedMain] INFO  o.s.b.d.autoconfigure.OptionalLiveReloadServer - LiveReload server is running on port 35729
2021-06-27 00:39:08 [restartedMain] WARN  o.s.b.a.t.ThymeleafAutoConfiguration$DefaultTemplateResolverConfiguration - Cannot find template location: classpath:/templates/ (please add some templates or check your Thymeleaf configuration)
2021-06-27 00:39:08 [restartedMain] INFO  org.apache.coyote.http11.Http11NioProtocol - Starting ProtocolHandler ["http-nio-8881"]
2021-06-27 00:39:08 [restartedMain] INFO  o.s.boot.web.embedded.tomcat.TomcatWebServer - Tomcat started on port(s): 8881 (http) with context path ''
2021-06-27 00:39:08 [restartedMain] INFO  s.d.s.web.plugins.DocumentationPluginsBootstrapper - Context refreshed
2021-06-27 00:39:08 [restartedMain] INFO  s.d.s.web.plugins.DocumentationPluginsBootstrapper - Found 1 custom documentation plugin(s)
2021-06-27 00:39:08 [restartedMain] INFO  s.d.spring.web.scanners.ApiListingReferenceScanner - Scanning for api listing references
2021-06-27 00:39:08 [restartedMain] INFO  com.bjfu.wordlates.WordlatesApplication - Started WordlatesApplication in 2.193 seconds (JVM running for 3.134)
2021-06-27 00:39:12 [http-nio-8881-exec-1] INFO  o.a.c.core.ContainerBase.[Tomcat].[localhost].[/] - Initializing Spring DispatcherServlet 'dispatcherServlet'
2021-06-27 00:39:12 [http-nio-8881-exec-1] INFO  org.springframework.web.servlet.DispatcherServlet - Initializing Servlet 'dispatcherServlet'
2021-06-27 00:39:12 [http-nio-8881-exec-1] INFO  org.springframework.web.servlet.DispatcherServlet - Completed initialization in 4 ms
2021-06-27 00:39:12 [http-nio-8881-exec-1] ERROR o.a.c.c.C.[.[localhost].[/].[dispatcherServlet] - Servlet.service() for servlet [dispatcherServlet] in context with path [] threw exception [Request processing failed; nested exception is java.lang.ClassCastException: class java.util.HashMap$KeySet cannot be cast to class java.nio.CharBuffer (java.util.HashMap$KeySet and java.nio.CharBuffer are in module java.base of loader 'bootstrap')] with root cause
java.lang.ClassCastException: class java.util.HashMap$KeySet cannot be cast to class java.nio.CharBuffer (java.util.HashMap$KeySet and java.nio.CharBuffer are in module java.base of loader 'bootstrap')
	at com.bjfu.wordlates.controller.StaticWordController.getFileData(StaticWordController.java:83)
	at java.base/jdk.internal.reflect.NativeMethodAccessorImpl.invoke0(Native Method)
	at java.base/jdk.internal.reflect.NativeMethodAccessorImpl.invoke(NativeMethodAccessorImpl.java:62)
	at java.base/jdk.internal.reflect.DelegatingMethodAccessorImpl.invoke(DelegatingMethodAccessorImpl.java:43)
	at java.base/java.lang.reflect.Method.invoke(Method.java:566)
	at org.springframework.web.method.support.InvocableHandlerMethod.doInvoke(InvocableHandlerMethod.java:190)
	at org.springframework.web.method.support.InvocableHandlerMethod.invokeForRequest(InvocableHandlerMethod.java:138)
	at org.springframework.web.servlet.mvc.method.annotation.ServletInvocableHandlerMethod.invokeAndHandle(ServletInvocableHandlerMethod.java:105)
	at org.springframework.web.servlet.mvc.method.annotation.RequestMappingHandlerAdapter.invokeHandlerMethod(RequestMappingHandlerAdapter.java:878)
	at org.springframework.web.servlet.mvc.method.annotation.RequestMappingHandlerAdapter.handleInternal(RequestMappingHandlerAdapter.java:792)
	at org.springframework.web.servlet.mvc.method.AbstractHandlerMethodAdapter.handle(AbstractHandlerMethodAdapter.java:87)
	at org.springframework.web.servlet.DispatcherServlet.doDispatch(DispatcherServlet.java:1040)
	at org.springframework.web.servlet.DispatcherServlet.doService(DispatcherServlet.java:943)
	at org.springframework.web.servlet.FrameworkServlet.processRequest(FrameworkServlet.java:1006)
	at org.springframework.web.servlet.FrameworkServlet.doGet(FrameworkServlet.java:898)
	at javax.servlet.http.HttpServlet.service(HttpServlet.java:626)
	at org.springframework.web.servlet.FrameworkServlet.service(FrameworkServlet.java:883)
	at javax.servlet.http.HttpServlet.service(HttpServlet.java:733)
	at org.apache.catalina.core.ApplicationFilterChain.internalDoFilter(ApplicationFilterChain.java:231)
	at org.apache.catalina.core.ApplicationFilterChain.doFilter(ApplicationFilterChain.java:166)
	at org.apache.tomcat.websocket.server.WsFilter.doFilter(WsFilter.java:53)
	at org.apache.catalina.core.ApplicationFilterChain.internalDoFilter(ApplicationFilterChain.java:193)
	at org.apache.catalina.core.ApplicationFilterChain.doFilter(ApplicationFilterChain.java:166)
	at org.springframework.web.filter.RequestContextFilter.doFilterInternal(RequestContextFilter.java:100)
	at org.springframework.web.filter.OncePerRequestFilter.doFilter(OncePerRequestFilter.java:119)
	at org.apache.catalina.core.ApplicationFilterChain.internalDoFilter(ApplicationFilterChain.java:193)
	at org.apache.catalina.core.ApplicationFilterChain.doFilter(ApplicationFilterChain.java:166)
	at org.springframework.web.filter.FormContentFilter.doFilterInternal(FormContentFilter.java:93)
	at org.springframework.web.filter.OncePerRequestFilter.doFilter(OncePerRequestFilter.java:119)
	at org.apache.catalina.core.ApplicationFilterChain.internalDoFilter(ApplicationFilterChain.java:193)
	at org.apache.catalina.core.ApplicationFilterChain.doFilter(ApplicationFilterChain.java:166)
	at org.springframework.web.filter.CharacterEncodingFilter.doFilterInternal(CharacterEncodingFilter.java:201)
	at org.springframework.web.filter.OncePerRequestFilter.doFilter(OncePerRequestFilter.java:119)
	at org.apache.catalina.core.ApplicationFilterChain.internalDoFilter(ApplicationFilterChain.java:193)
	at org.apache.catalina.core.ApplicationFilterChain.doFilter(ApplicationFilterChain.java:166)
	at org.apache.catalina.core.StandardWrapperValve.invoke(StandardWrapperValve.java:202)
	at org.apache.catalina.core.StandardContextValve.invoke(StandardContextValve.java:97)
	at org.apache.catalina.authenticator.AuthenticatorBase.invoke(AuthenticatorBase.java:541)
	at org.apache.catalina.core.StandardHostValve.invoke(StandardHostValve.java:143)
	at org.apache.catalina.valves.ErrorReportValve.invoke(ErrorReportValve.java:92)
	at org.apache.catalina.core.StandardEngineValve.invoke(StandardEngineValve.java:78)
	at org.apache.catalina.connector.CoyoteAdapter.service(CoyoteAdapter.java:343)
	at org.apache.coyote.http11.Http11Processor.service(Http11Processor.java:374)
	at org.apache.coyote.AbstractProcessorLight.process(AbstractProcessorLight.java:65)
	at org.apache.coyote.AbstractProtocol$ConnectionHandler.process(AbstractProtocol.java:868)
	at org.apache.tomcat.util.net.NioEndpoint$SocketProcessor.doRun(NioEndpoint.java:1590)
	at org.apache.tomcat.util.net.SocketProcessorBase.run(SocketProcessorBase.java:49)
	at java.base/java.util.concurrent.ThreadPoolExecutor.runWorker(ThreadPoolExecutor.java:1128)
	at java.base/java.util.concurrent.ThreadPoolExecutor$Worker.run(ThreadPoolExecutor.java:628)
	at org.apache.tomcat.util.threads.TaskThread$WrappingRunnable.run(TaskThread.java:61)
	at java.base/java.lang.Thread.run(Thread.java:834)
2021-06-27 00:39:57 [restartedMain] INFO  com.bjfu.wordlates.WordlatesApplication - Starting WordlatesApplication on albert with PID 5160 (C:\Users\15174\IdeaProjects\wordlates1\target\classes started by 15174 in C:\Users\15174\IdeaProjects\wordlates1)
2021-06-27 00:39:57 [restartedMain] INFO  com.bjfu.wordlates.WordlatesApplication - The following profiles are active: $spring.active$
2021-06-27 00:39:57 [restartedMain] INFO  o.s.b.d.env.DevToolsPropertyDefaultsPostProcessor - Devtools property defaults active! Set 'spring.devtools.add-properties' to 'false' to disable
2021-06-27 00:39:57 [restartedMain] INFO  o.s.b.d.env.DevToolsPropertyDefaultsPostProcessor - For additional web related logging consider setting the 'logging.level.web' property to 'DEBUG'
2021-06-27 00:39:58 [restartedMain] WARN  org.mybatis.spring.mapper.ClassPathMapperScanner - No MyBatis mapper was found in '[com.bjfu.wordlates.entity]' package. Please check your configuration.
2021-06-27 00:39:58 [restartedMain] INFO  o.s.boot.web.embedded.tomcat.TomcatWebServer - Tomcat initialized with port(s): 8881 (http)
2021-06-27 00:39:58 [restartedMain] INFO  org.apache.coyote.http11.Http11NioProtocol - Initializing ProtocolHandler ["http-nio-8881"]
2021-06-27 00:39:58 [restartedMain] INFO  org.apache.catalina.core.StandardService - Starting service [Tomcat]
2021-06-27 00:39:58 [restartedMain] INFO  org.apache.catalina.core.StandardEngine - Starting Servlet engine: [Apache Tomcat/9.0.38]
2021-06-27 00:39:58 [restartedMain] INFO  o.a.c.core.ContainerBase.[Tomcat].[localhost].[/] - Initializing Spring embedded WebApplicationContext
2021-06-27 00:39:58 [restartedMain] INFO  o.s.b.w.s.c.ServletWebServerApplicationContext - Root WebApplicationContext: initialization completed in 1123 ms
2021-06-27 00:39:58 [restartedMain] INFO  s.d.s.w.PropertySourcedRequestMappingHandlerMapping - Mapped URL path [/v2/api-docs] onto method [springfox.documentation.swagger2.web.Swagger2Controller#getDocumentation(String, HttpServletRequest)]
2021-06-27 00:39:58 [restartedMain] INFO  o.s.scheduling.concurrent.ThreadPoolTaskExecutor - Initializing ExecutorService 'applicationTaskExecutor'
2021-06-27 00:39:59 [restartedMain] INFO  o.s.b.d.autoconfigure.OptionalLiveReloadServer - LiveReload server is running on port 35729
2021-06-27 00:39:59 [restartedMain] WARN  o.s.b.a.t.ThymeleafAutoConfiguration$DefaultTemplateResolverConfiguration - Cannot find template location: classpath:/templates/ (please add some templates or check your Thymeleaf configuration)
2021-06-27 00:39:59 [restartedMain] INFO  org.apache.coyote.http11.Http11NioProtocol - Starting ProtocolHandler ["http-nio-8881"]
2021-06-27 00:39:59 [restartedMain] INFO  o.s.boot.web.embedded.tomcat.TomcatWebServer - Tomcat started on port(s): 8881 (http) with context path ''
2021-06-27 00:39:59 [restartedMain] INFO  s.d.s.web.plugins.DocumentationPluginsBootstrapper - Context refreshed
2021-06-27 00:39:59 [restartedMain] INFO  s.d.s.web.plugins.DocumentationPluginsBootstrapper - Found 1 custom documentation plugin(s)
2021-06-27 00:39:59 [restartedMain] INFO  s.d.spring.web.scanners.ApiListingReferenceScanner - Scanning for api listing references
2021-06-27 00:39:59 [restartedMain] INFO  com.bjfu.wordlates.WordlatesApplication - Started WordlatesApplication in 2.231 seconds (JVM running for 3.162)
2021-06-27 00:40:01 [http-nio-8881-exec-1] INFO  o.a.c.core.ContainerBase.[Tomcat].[localhost].[/] - Initializing Spring DispatcherServlet 'dispatcherServlet'
2021-06-27 00:40:01 [http-nio-8881-exec-1] INFO  org.springframework.web.servlet.DispatcherServlet - Initializing Servlet 'dispatcherServlet'
2021-06-27 00:40:01 [http-nio-8881-exec-1] INFO  org.springframework.web.servlet.DispatcherServlet - Completed initialization in 4 ms
2021-06-27 00:41:39 [restartedMain] INFO  com.bjfu.wordlates.WordlatesApplication - Starting WordlatesApplication on albert with PID 22992 (C:\Users\15174\IdeaProjects\wordlates1\target\classes started by 15174 in C:\Users\15174\IdeaProjects\wordlates1)
2021-06-27 00:41:39 [restartedMain] INFO  com.bjfu.wordlates.WordlatesApplication - The following profiles are active: $spring.active$
2021-06-27 00:41:39 [restartedMain] INFO  o.s.b.d.env.DevToolsPropertyDefaultsPostProcessor - Devtools property defaults active! Set 'spring.devtools.add-properties' to 'false' to disable
2021-06-27 00:41:39 [restartedMain] INFO  o.s.b.d.env.DevToolsPropertyDefaultsPostProcessor - For additional web related logging consider setting the 'logging.level.web' property to 'DEBUG'
2021-06-27 00:41:40 [restartedMain] WARN  org.mybatis.spring.mapper.ClassPathMapperScanner - No MyBatis mapper was found in '[com.bjfu.wordlates.entity]' package. Please check your configuration.
2021-06-27 00:41:40 [restartedMain] INFO  o.s.boot.web.embedded.tomcat.TomcatWebServer - Tomcat initialized with port(s): 8881 (http)
2021-06-27 00:41:40 [restartedMain] INFO  org.apache.coyote.http11.Http11NioProtocol - Initializing ProtocolHandler ["http-nio-8881"]
2021-06-27 00:41:40 [restartedMain] INFO  org.apache.catalina.core.StandardService - Starting service [Tomcat]
2021-06-27 00:41:40 [restartedMain] INFO  org.apache.catalina.core.StandardEngine - Starting Servlet engine: [Apache Tomcat/9.0.38]
2021-06-27 00:41:40 [restartedMain] INFO  o.a.c.core.ContainerBase.[Tomcat].[localhost].[/] - Initializing Spring embedded WebApplicationContext
2021-06-27 00:41:40 [restartedMain] INFO  o.s.b.w.s.c.ServletWebServerApplicationContext - Root WebApplicationContext: initialization completed in 1100 ms
2021-06-27 00:41:41 [restartedMain] INFO  s.d.s.w.PropertySourcedRequestMappingHandlerMapping - Mapped URL path [/v2/api-docs] onto method [springfox.documentation.swagger2.web.Swagger2Controller#getDocumentation(String, HttpServletRequest)]
2021-06-27 00:41:41 [restartedMain] INFO  o.s.scheduling.concurrent.ThreadPoolTaskExecutor - Initializing ExecutorService 'applicationTaskExecutor'
2021-06-27 00:41:41 [restartedMain] INFO  o.s.b.d.autoconfigure.OptionalLiveReloadServer - LiveReload server is running on port 35729
2021-06-27 00:41:41 [restartedMain] WARN  o.s.b.a.t.ThymeleafAutoConfiguration$DefaultTemplateResolverConfiguration - Cannot find template location: classpath:/templates/ (please add some templates or check your Thymeleaf configuration)
2021-06-27 00:41:41 [restartedMain] INFO  org.apache.coyote.http11.Http11NioProtocol - Starting ProtocolHandler ["http-nio-8881"]
2021-06-27 00:41:41 [restartedMain] INFO  o.s.boot.web.embedded.tomcat.TomcatWebServer - Tomcat started on port(s): 8881 (http) with context path ''
2021-06-27 00:41:41 [restartedMain] INFO  s.d.s.web.plugins.DocumentationPluginsBootstrapper - Context refreshed
2021-06-27 00:41:41 [restartedMain] INFO  s.d.s.web.plugins.DocumentationPluginsBootstrapper - Found 1 custom documentation plugin(s)
2021-06-27 00:41:41 [restartedMain] INFO  s.d.spring.web.scanners.ApiListingReferenceScanner - Scanning for api listing references
2021-06-27 00:41:41 [restartedMain] INFO  com.bjfu.wordlates.WordlatesApplication - Started WordlatesApplication in 2.211 seconds (JVM running for 3.195)
2021-06-27 00:41:44 [http-nio-8881-exec-2] INFO  o.a.c.core.ContainerBase.[Tomcat].[localhost].[/] - Initializing Spring DispatcherServlet 'dispatcherServlet'
2021-06-27 00:41:44 [http-nio-8881-exec-2] INFO  org.springframework.web.servlet.DispatcherServlet - Initializing Servlet 'dispatcherServlet'
2021-06-27 00:41:44 [http-nio-8881-exec-2] INFO  org.springframework.web.servlet.DispatcherServlet - Completed initialization in 4 ms
2021-06-27 00:43:16 [restartedMain] INFO  com.bjfu.wordlates.WordlatesApplication - Starting WordlatesApplication on albert with PID 16812 (C:\Users\15174\IdeaProjects\wordlates1\target\classes started by 15174 in C:\Users\15174\IdeaProjects\wordlates1)
2021-06-27 00:43:16 [restartedMain] INFO  com.bjfu.wordlates.WordlatesApplication - The following profiles are active: $spring.active$
2021-06-27 00:43:16 [restartedMain] INFO  o.s.b.d.env.DevToolsPropertyDefaultsPostProcessor - Devtools property defaults active! Set 'spring.devtools.add-properties' to 'false' to disable
2021-06-27 00:43:16 [restartedMain] INFO  o.s.b.d.env.DevToolsPropertyDefaultsPostProcessor - For additional web related logging consider setting the 'logging.level.web' property to 'DEBUG'
2021-06-27 00:43:17 [restartedMain] WARN  org.mybatis.spring.mapper.ClassPathMapperScanner - No MyBatis mapper was found in '[com.bjfu.wordlates.entity]' package. Please check your configuration.
2021-06-27 00:43:17 [restartedMain] INFO  o.s.boot.web.embedded.tomcat.TomcatWebServer - Tomcat initialized with port(s): 8881 (http)
2021-06-27 00:43:17 [restartedMain] INFO  org.apache.coyote.http11.Http11NioProtocol - Initializing ProtocolHandler ["http-nio-8881"]
2021-06-27 00:43:17 [restartedMain] INFO  org.apache.catalina.core.StandardService - Starting service [Tomcat]
2021-06-27 00:43:17 [restartedMain] INFO  org.apache.catalina.core.StandardEngine - Starting Servlet engine: [Apache Tomcat/9.0.38]
2021-06-27 00:43:17 [restartedMain] INFO  o.a.c.core.ContainerBase.[Tomcat].[localhost].[/] - Initializing Spring embedded WebApplicationContext
2021-06-27 00:43:17 [restartedMain] INFO  o.s.b.w.s.c.ServletWebServerApplicationContext - Root WebApplicationContext: initialization completed in 1101 ms
2021-06-27 00:43:18 [restartedMain] INFO  s.d.s.w.PropertySourcedRequestMappingHandlerMapping - Mapped URL path [/v2/api-docs] onto method [springfox.documentation.swagger2.web.Swagger2Controller#getDocumentation(String, HttpServletRequest)]
2021-06-27 00:43:18 [restartedMain] INFO  o.s.scheduling.concurrent.ThreadPoolTaskExecutor - Initializing ExecutorService 'applicationTaskExecutor'
2021-06-27 00:43:18 [restartedMain] INFO  o.s.b.d.autoconfigure.OptionalLiveReloadServer - LiveReload server is running on port 35729
2021-06-27 00:43:18 [restartedMain] WARN  o.s.b.a.t.ThymeleafAutoConfiguration$DefaultTemplateResolverConfiguration - Cannot find template location: classpath:/templates/ (please add some templates or check your Thymeleaf configuration)
2021-06-27 00:43:18 [restartedMain] INFO  org.apache.coyote.http11.Http11NioProtocol - Starting ProtocolHandler ["http-nio-8881"]
2021-06-27 00:43:18 [restartedMain] INFO  o.s.boot.web.embedded.tomcat.TomcatWebServer - Tomcat started on port(s): 8881 (http) with context path ''
2021-06-27 00:43:18 [restartedMain] INFO  s.d.s.web.plugins.DocumentationPluginsBootstrapper - Context refreshed
2021-06-27 00:43:18 [restartedMain] INFO  s.d.s.web.plugins.DocumentationPluginsBootstrapper - Found 1 custom documentation plugin(s)
2021-06-27 00:43:18 [restartedMain] INFO  s.d.spring.web.scanners.ApiListingReferenceScanner - Scanning for api listing references
2021-06-27 00:43:18 [restartedMain] INFO  com.bjfu.wordlates.WordlatesApplication - Started WordlatesApplication in 2.192 seconds (JVM running for 3.096)
2021-06-27 00:43:21 [http-nio-8881-exec-1] INFO  o.a.c.core.ContainerBase.[Tomcat].[localhost].[/] - Initializing Spring DispatcherServlet 'dispatcherServlet'
2021-06-27 00:43:21 [http-nio-8881-exec-1] INFO  org.springframework.web.servlet.DispatcherServlet - Initializing Servlet 'dispatcherServlet'
2021-06-27 00:43:21 [http-nio-8881-exec-1] INFO  org.springframework.web.servlet.DispatcherServlet - Completed initialization in 4 ms
2021-06-27 00:44:34 [restartedMain] INFO  com.bjfu.wordlates.WordlatesApplication - Starting WordlatesApplication on albert with PID 21600 (C:\Users\15174\IdeaProjects\wordlates1\target\classes started by 15174 in C:\Users\15174\IdeaProjects\wordlates1)
2021-06-27 00:44:34 [restartedMain] INFO  com.bjfu.wordlates.WordlatesApplication - The following profiles are active: $spring.active$
2021-06-27 00:44:34 [restartedMain] INFO  o.s.b.d.env.DevToolsPropertyDefaultsPostProcessor - Devtools property defaults active! Set 'spring.devtools.add-properties' to 'false' to disable
2021-06-27 00:44:34 [restartedMain] INFO  o.s.b.d.env.DevToolsPropertyDefaultsPostProcessor - For additional web related logging consider setting the 'logging.level.web' property to 'DEBUG'
2021-06-27 00:44:34 [restartedMain] WARN  org.mybatis.spring.mapper.ClassPathMapperScanner - No MyBatis mapper was found in '[com.bjfu.wordlates.entity]' package. Please check your configuration.
2021-06-27 00:44:35 [restartedMain] INFO  o.s.boot.web.embedded.tomcat.TomcatWebServer - Tomcat initialized with port(s): 8881 (http)
2021-06-27 00:44:35 [restartedMain] INFO  org.apache.coyote.http11.Http11NioProtocol - Initializing ProtocolHandler ["http-nio-8881"]
2021-06-27 00:44:35 [restartedMain] INFO  org.apache.catalina.core.StandardService - Starting service [Tomcat]
2021-06-27 00:44:35 [restartedMain] INFO  org.apache.catalina.core.StandardEngine - Starting Servlet engine: [Apache Tomcat/9.0.38]
2021-06-27 00:44:35 [restartedMain] INFO  o.a.c.core.ContainerBase.[Tomcat].[localhost].[/] - Initializing Spring embedded WebApplicationContext
2021-06-27 00:44:35 [restartedMain] INFO  o.s.b.w.s.c.ServletWebServerApplicationContext - Root WebApplicationContext: initialization completed in 1081 ms
2021-06-27 00:44:35 [restartedMain] INFO  s.d.s.w.PropertySourcedRequestMappingHandlerMapping - Mapped URL path [/v2/api-docs] onto method [springfox.documentation.swagger2.web.Swagger2Controller#getDocumentation(String, HttpServletRequest)]
2021-06-27 00:44:35 [restartedMain] INFO  o.s.scheduling.concurrent.ThreadPoolTaskExecutor - Initializing ExecutorService 'applicationTaskExecutor'
2021-06-27 00:44:35 [restartedMain] INFO  o.s.b.d.autoconfigure.OptionalLiveReloadServer - LiveReload server is running on port 35729
2021-06-27 00:44:35 [restartedMain] WARN  o.s.b.a.t.ThymeleafAutoConfiguration$DefaultTemplateResolverConfiguration - Cannot find template location: classpath:/templates/ (please add some templates or check your Thymeleaf configuration)
2021-06-27 00:44:35 [restartedMain] INFO  org.apache.coyote.http11.Http11NioProtocol - Starting ProtocolHandler ["http-nio-8881"]
2021-06-27 00:44:35 [restartedMain] INFO  o.s.boot.web.embedded.tomcat.TomcatWebServer - Tomcat started on port(s): 8881 (http) with context path ''
2021-06-27 00:44:35 [restartedMain] INFO  s.d.s.web.plugins.DocumentationPluginsBootstrapper - Context refreshed
2021-06-27 00:44:35 [restartedMain] INFO  s.d.s.web.plugins.DocumentationPluginsBootstrapper - Found 1 custom documentation plugin(s)
2021-06-27 00:44:35 [restartedMain] INFO  s.d.spring.web.scanners.ApiListingReferenceScanner - Scanning for api listing references
2021-06-27 00:44:35 [restartedMain] INFO  com.bjfu.wordlates.WordlatesApplication - Started WordlatesApplication in 2.149 seconds (JVM running for 3.091)
2021-06-27 00:44:39 [http-nio-8881-exec-1] INFO  o.a.c.core.ContainerBase.[Tomcat].[localhost].[/] - Initializing Spring DispatcherServlet 'dispatcherServlet'
2021-06-27 00:44:39 [http-nio-8881-exec-1] INFO  org.springframework.web.servlet.DispatcherServlet - Initializing Servlet 'dispatcherServlet'
2021-06-27 00:44:39 [http-nio-8881-exec-1] INFO  org.springframework.web.servlet.DispatcherServlet - Completed initialization in 4 ms
2021-06-27 00:45:24 [restartedMain] INFO  com.bjfu.wordlates.WordlatesApplication - Starting WordlatesApplication on albert with PID 24224 (C:\Users\15174\IdeaProjects\wordlates1\target\classes started by 15174 in C:\Users\15174\IdeaProjects\wordlates1)
2021-06-27 00:45:24 [restartedMain] INFO  com.bjfu.wordlates.WordlatesApplication - The following profiles are active: $spring.active$
2021-06-27 00:45:24 [restartedMain] INFO  o.s.b.d.env.DevToolsPropertyDefaultsPostProcessor - Devtools property defaults active! Set 'spring.devtools.add-properties' to 'false' to disable
2021-06-27 00:45:24 [restartedMain] INFO  o.s.b.d.env.DevToolsPropertyDefaultsPostProcessor - For additional web related logging consider setting the 'logging.level.web' property to 'DEBUG'
2021-06-27 00:45:25 [restartedMain] WARN  org.mybatis.spring.mapper.ClassPathMapperScanner - No MyBatis mapper was found in '[com.bjfu.wordlates.entity]' package. Please check your configuration.
2021-06-27 00:45:25 [restartedMain] INFO  o.s.boot.web.embedded.tomcat.TomcatWebServer - Tomcat initialized with port(s): 8881 (http)
2021-06-27 00:45:25 [restartedMain] INFO  org.apache.coyote.http11.Http11NioProtocol - Initializing ProtocolHandler ["http-nio-8881"]
2021-06-27 00:45:25 [restartedMain] INFO  org.apache.catalina.core.StandardService - Starting service [Tomcat]
2021-06-27 00:45:25 [restartedMain] INFO  org.apache.catalina.core.StandardEngine - Starting Servlet engine: [Apache Tomcat/9.0.38]
2021-06-27 00:45:25 [restartedMain] INFO  o.a.c.core.ContainerBase.[Tomcat].[localhost].[/] - Initializing Spring embedded WebApplicationContext
2021-06-27 00:45:25 [restartedMain] INFO  o.s.b.w.s.c.ServletWebServerApplicationContext - Root WebApplicationContext: initialization completed in 1092 ms
2021-06-27 00:45:26 [restartedMain] INFO  s.d.s.w.PropertySourcedRequestMappingHandlerMapping - Mapped URL path [/v2/api-docs] onto method [springfox.documentation.swagger2.web.Swagger2Controller#getDocumentation(String, HttpServletRequest)]
2021-06-27 00:45:26 [restartedMain] INFO  o.s.scheduling.concurrent.ThreadPoolTaskExecutor - Initializing ExecutorService 'applicationTaskExecutor'
2021-06-27 00:45:26 [restartedMain] INFO  o.s.b.d.autoconfigure.OptionalLiveReloadServer - LiveReload server is running on port 35729
2021-06-27 00:45:26 [restartedMain] WARN  o.s.b.a.t.ThymeleafAutoConfiguration$DefaultTemplateResolverConfiguration - Cannot find template location: classpath:/templates/ (please add some templates or check your Thymeleaf configuration)
2021-06-27 00:45:26 [restartedMain] INFO  org.apache.coyote.http11.Http11NioProtocol - Starting ProtocolHandler ["http-nio-8881"]
2021-06-27 00:45:26 [restartedMain] INFO  o.s.boot.web.embedded.tomcat.TomcatWebServer - Tomcat started on port(s): 8881 (http) with context path ''
2021-06-27 00:45:26 [restartedMain] INFO  s.d.s.web.plugins.DocumentationPluginsBootstrapper - Context refreshed
2021-06-27 00:45:26 [restartedMain] INFO  s.d.s.web.plugins.DocumentationPluginsBootstrapper - Found 1 custom documentation plugin(s)
2021-06-27 00:45:26 [restartedMain] INFO  s.d.spring.web.scanners.ApiListingReferenceScanner - Scanning for api listing references
2021-06-27 00:45:26 [restartedMain] INFO  com.bjfu.wordlates.WordlatesApplication - Started WordlatesApplication in 2.17 seconds (JVM running for 3.08)
2021-06-27 00:45:30 [http-nio-8881-exec-1] INFO  o.a.c.core.ContainerBase.[Tomcat].[localhost].[/] - Initializing Spring DispatcherServlet 'dispatcherServlet'
2021-06-27 00:45:30 [http-nio-8881-exec-1] INFO  org.springframework.web.servlet.DispatcherServlet - Initializing Servlet 'dispatcherServlet'
2021-06-27 00:45:30 [http-nio-8881-exec-1] INFO  org.springframework.web.servlet.DispatcherServlet - Completed initialization in 4 ms
2021-06-27 00:46:40 [restartedMain] INFO  com.bjfu.wordlates.WordlatesApplication - Starting WordlatesApplication on albert with PID 10612 (C:\Users\15174\IdeaProjects\wordlates1\target\classes started by 15174 in C:\Users\15174\IdeaProjects\wordlates1)
2021-06-27 00:46:40 [restartedMain] INFO  com.bjfu.wordlates.WordlatesApplication - The following profiles are active: $spring.active$
2021-06-27 00:46:40 [restartedMain] INFO  o.s.b.d.env.DevToolsPropertyDefaultsPostProcessor - Devtools property defaults active! Set 'spring.devtools.add-properties' to 'false' to disable
2021-06-27 00:46:40 [restartedMain] INFO  o.s.b.d.env.DevToolsPropertyDefaultsPostProcessor - For additional web related logging consider setting the 'logging.level.web' property to 'DEBUG'
2021-06-27 00:46:40 [restartedMain] WARN  org.mybatis.spring.mapper.ClassPathMapperScanner - No MyBatis mapper was found in '[com.bjfu.wordlates.entity]' package. Please check your configuration.
2021-06-27 00:46:41 [restartedMain] INFO  o.s.boot.web.embedded.tomcat.TomcatWebServer - Tomcat initialized with port(s): 8881 (http)
2021-06-27 00:46:41 [restartedMain] INFO  org.apache.coyote.http11.Http11NioProtocol - Initializing ProtocolHandler ["http-nio-8881"]
2021-06-27 00:46:41 [restartedMain] INFO  org.apache.catalina.core.StandardService - Starting service [Tomcat]
2021-06-27 00:46:41 [restartedMain] INFO  org.apache.catalina.core.StandardEngine - Starting Servlet engine: [Apache Tomcat/9.0.38]
2021-06-27 00:46:41 [restartedMain] INFO  o.a.c.core.ContainerBase.[Tomcat].[localhost].[/] - Initializing Spring embedded WebApplicationContext
2021-06-27 00:46:41 [restartedMain] INFO  o.s.b.w.s.c.ServletWebServerApplicationContext - Root WebApplicationContext: initialization completed in 1123 ms
2021-06-27 00:46:41 [restartedMain] INFO  s.d.s.w.PropertySourcedRequestMappingHandlerMapping - Mapped URL path [/v2/api-docs] onto method [springfox.documentation.swagger2.web.Swagger2Controller#getDocumentation(String, HttpServletRequest)]
2021-06-27 00:46:41 [restartedMain] INFO  o.s.scheduling.concurrent.ThreadPoolTaskExecutor - Initializing ExecutorService 'applicationTaskExecutor'
2021-06-27 00:46:41 [restartedMain] INFO  o.s.b.d.autoconfigure.OptionalLiveReloadServer - LiveReload server is running on port 35729
2021-06-27 00:46:41 [restartedMain] WARN  o.s.b.a.t.ThymeleafAutoConfiguration$DefaultTemplateResolverConfiguration - Cannot find template location: classpath:/templates/ (please add some templates or check your Thymeleaf configuration)
2021-06-27 00:46:41 [restartedMain] INFO  org.apache.coyote.http11.Http11NioProtocol - Starting ProtocolHandler ["http-nio-8881"]
2021-06-27 00:46:41 [restartedMain] INFO  o.s.boot.web.embedded.tomcat.TomcatWebServer - Tomcat started on port(s): 8881 (http) with context path ''
2021-06-27 00:46:41 [restartedMain] INFO  s.d.s.web.plugins.DocumentationPluginsBootstrapper - Context refreshed
2021-06-27 00:46:41 [restartedMain] INFO  s.d.s.web.plugins.DocumentationPluginsBootstrapper - Found 1 custom documentation plugin(s)
2021-06-27 00:46:41 [restartedMain] INFO  s.d.spring.web.scanners.ApiListingReferenceScanner - Scanning for api listing references
2021-06-27 00:46:41 [restartedMain] INFO  com.bjfu.wordlates.WordlatesApplication - Started WordlatesApplication in 2.229 seconds (JVM running for 3.191)
2021-06-27 00:46:44 [http-nio-8881-exec-1] INFO  o.a.c.core.ContainerBase.[Tomcat].[localhost].[/] - Initializing Spring DispatcherServlet 'dispatcherServlet'
2021-06-27 00:46:44 [http-nio-8881-exec-1] INFO  org.springframework.web.servlet.DispatcherServlet - Initializing Servlet 'dispatcherServlet'
2021-06-27 00:46:44 [http-nio-8881-exec-1] INFO  org.springframework.web.servlet.DispatcherServlet - Completed initialization in 4 ms
2021-06-27 00:47:05 [restartedMain] INFO  com.bjfu.wordlates.WordlatesApplication - Starting WordlatesApplication on albert with PID 28436 (C:\Users\15174\IdeaProjects\wordlates1\target\classes started by 15174 in C:\Users\15174\IdeaProjects\wordlates1)
2021-06-27 00:47:05 [restartedMain] INFO  com.bjfu.wordlates.WordlatesApplication - The following profiles are active: $spring.active$
2021-06-27 00:47:05 [restartedMain] INFO  o.s.b.d.env.DevToolsPropertyDefaultsPostProcessor - Devtools property defaults active! Set 'spring.devtools.add-properties' to 'false' to disable
2021-06-27 00:47:05 [restartedMain] INFO  o.s.b.d.env.DevToolsPropertyDefaultsPostProcessor - For additional web related logging consider setting the 'logging.level.web' property to 'DEBUG'
2021-06-27 00:47:06 [restartedMain] WARN  org.mybatis.spring.mapper.ClassPathMapperScanner - No MyBatis mapper was found in '[com.bjfu.wordlates.entity]' package. Please check your configuration.
2021-06-27 00:47:06 [restartedMain] INFO  o.s.boot.web.embedded.tomcat.TomcatWebServer - Tomcat initialized with port(s): 8881 (http)
2021-06-27 00:47:06 [restartedMain] INFO  org.apache.coyote.http11.Http11NioProtocol - Initializing ProtocolHandler ["http-nio-8881"]
2021-06-27 00:47:06 [restartedMain] INFO  org.apache.catalina.core.StandardService - Starting service [Tomcat]
2021-06-27 00:47:06 [restartedMain] INFO  org.apache.catalina.core.StandardEngine - Starting Servlet engine: [Apache Tomcat/9.0.38]
2021-06-27 00:47:06 [restartedMain] INFO  o.a.c.core.ContainerBase.[Tomcat].[localhost].[/] - Initializing Spring embedded WebApplicationContext
2021-06-27 00:47:06 [restartedMain] INFO  o.s.b.w.s.c.ServletWebServerApplicationContext - Root WebApplicationContext: initialization completed in 1088 ms
2021-06-27 00:47:07 [restartedMain] INFO  s.d.s.w.PropertySourcedRequestMappingHandlerMapping - Mapped URL path [/v2/api-docs] onto method [springfox.documentation.swagger2.web.Swagger2Controller#getDocumentation(String, HttpServletRequest)]
2021-06-27 00:47:07 [restartedMain] INFO  o.s.scheduling.concurrent.ThreadPoolTaskExecutor - Initializing ExecutorService 'applicationTaskExecutor'
2021-06-27 00:47:07 [restartedMain] INFO  o.s.b.d.autoconfigure.OptionalLiveReloadServer - LiveReload server is running on port 35729
2021-06-27 00:47:07 [restartedMain] WARN  o.s.b.a.t.ThymeleafAutoConfiguration$DefaultTemplateResolverConfiguration - Cannot find template location: classpath:/templates/ (please add some templates or check your Thymeleaf configuration)
2021-06-27 00:47:07 [restartedMain] INFO  org.apache.coyote.http11.Http11NioProtocol - Starting ProtocolHandler ["http-nio-8881"]
2021-06-27 00:47:07 [restartedMain] INFO  o.s.boot.web.embedded.tomcat.TomcatWebServer - Tomcat started on port(s): 8881 (http) with context path ''
2021-06-27 00:47:07 [restartedMain] INFO  s.d.s.web.plugins.DocumentationPluginsBootstrapper - Context refreshed
2021-06-27 00:47:07 [restartedMain] INFO  s.d.s.web.plugins.DocumentationPluginsBootstrapper - Found 1 custom documentation plugin(s)
2021-06-27 00:47:07 [restartedMain] INFO  s.d.spring.web.scanners.ApiListingReferenceScanner - Scanning for api listing references
2021-06-27 00:47:07 [restartedMain] INFO  com.bjfu.wordlates.WordlatesApplication - Started WordlatesApplication in 2.167 seconds (JVM running for 3.113)
2021-06-27 00:47:10 [http-nio-8881-exec-1] INFO  o.a.c.core.ContainerBase.[Tomcat].[localhost].[/] - Initializing Spring DispatcherServlet 'dispatcherServlet'
2021-06-27 00:47:10 [http-nio-8881-exec-1] INFO  org.springframework.web.servlet.DispatcherServlet - Initializing Servlet 'dispatcherServlet'
2021-06-27 00:47:10 [http-nio-8881-exec-1] INFO  org.springframework.web.servlet.DispatcherServlet - Completed initialization in 4 ms
2021-06-27 00:48:50 [restartedMain] INFO  com.bjfu.wordlates.WordlatesApplication - Starting WordlatesApplication on albert with PID 27404 (C:\Users\15174\IdeaProjects\wordlates1\target\classes started by 15174 in C:\Users\15174\IdeaProjects\wordlates1)
2021-06-27 00:48:50 [restartedMain] INFO  com.bjfu.wordlates.WordlatesApplication - The following profiles are active: $spring.active$
2021-06-27 00:48:50 [restartedMain] INFO  o.s.b.d.env.DevToolsPropertyDefaultsPostProcessor - Devtools property defaults active! Set 'spring.devtools.add-properties' to 'false' to disable
2021-06-27 00:48:50 [restartedMain] INFO  o.s.b.d.env.DevToolsPropertyDefaultsPostProcessor - For additional web related logging consider setting the 'logging.level.web' property to 'DEBUG'
2021-06-27 00:48:51 [restartedMain] WARN  org.mybatis.spring.mapper.ClassPathMapperScanner - No MyBatis mapper was found in '[com.bjfu.wordlates.entity]' package. Please check your configuration.
2021-06-27 00:48:51 [restartedMain] INFO  o.s.boot.web.embedded.tomcat.TomcatWebServer - Tomcat initialized with port(s): 8881 (http)
2021-06-27 00:48:51 [restartedMain] INFO  org.apache.coyote.http11.Http11NioProtocol - Initializing ProtocolHandler ["http-nio-8881"]
2021-06-27 00:48:51 [restartedMain] INFO  org.apache.catalina.core.StandardService - Starting service [Tomcat]
2021-06-27 00:48:51 [restartedMain] INFO  org.apache.catalina.core.StandardEngine - Starting Servlet engine: [Apache Tomcat/9.0.38]
2021-06-27 00:48:51 [restartedMain] INFO  o.a.c.core.ContainerBase.[Tomcat].[localhost].[/] - Initializing Spring embedded WebApplicationContext
2021-06-27 00:48:51 [restartedMain] INFO  o.s.b.w.s.c.ServletWebServerApplicationContext - Root WebApplicationContext: initialization completed in 1095 ms
2021-06-27 00:48:52 [restartedMain] INFO  s.d.s.w.PropertySourcedRequestMappingHandlerMapping - Mapped URL path [/v2/api-docs] onto method [springfox.documentation.swagger2.web.Swagger2Controller#getDocumentation(String, HttpServletRequest)]
2021-06-27 00:48:52 [restartedMain] INFO  o.s.scheduling.concurrent.ThreadPoolTaskExecutor - Initializing ExecutorService 'applicationTaskExecutor'
2021-06-27 00:48:52 [restartedMain] INFO  o.s.b.d.autoconfigure.OptionalLiveReloadServer - LiveReload server is running on port 35729
2021-06-27 00:48:52 [restartedMain] WARN  o.s.b.a.t.ThymeleafAutoConfiguration$DefaultTemplateResolverConfiguration - Cannot find template location: classpath:/templates/ (please add some templates or check your Thymeleaf configuration)
2021-06-27 00:48:52 [restartedMain] INFO  org.apache.coyote.http11.Http11NioProtocol - Starting ProtocolHandler ["http-nio-8881"]
2021-06-27 00:48:52 [restartedMain] INFO  o.s.boot.web.embedded.tomcat.TomcatWebServer - Tomcat started on port(s): 8881 (http) with context path ''
2021-06-27 00:48:52 [restartedMain] INFO  s.d.s.web.plugins.DocumentationPluginsBootstrapper - Context refreshed
2021-06-27 00:48:52 [restartedMain] INFO  s.d.s.web.plugins.DocumentationPluginsBootstrapper - Found 1 custom documentation plugin(s)
2021-06-27 00:48:52 [restartedMain] INFO  s.d.spring.web.scanners.ApiListingReferenceScanner - Scanning for api listing references
2021-06-27 00:48:52 [restartedMain] INFO  com.bjfu.wordlates.WordlatesApplication - Started WordlatesApplication in 2.176 seconds (JVM running for 3.123)
2021-06-27 00:48:56 [http-nio-8881-exec-1] INFO  o.a.c.core.ContainerBase.[Tomcat].[localhost].[/] - Initializing Spring DispatcherServlet 'dispatcherServlet'
2021-06-27 00:48:56 [http-nio-8881-exec-1] INFO  org.springframework.web.servlet.DispatcherServlet - Initializing Servlet 'dispatcherServlet'
2021-06-27 00:48:56 [http-nio-8881-exec-1] INFO  org.springframework.web.servlet.DispatcherServlet - Completed initialization in 4 ms
2021-06-27 00:50:43 [restartedMain] INFO  com.bjfu.wordlates.WordlatesApplication - Starting WordlatesApplication on albert with PID 14040 (C:\Users\15174\IdeaProjects\wordlates1\target\classes started by 15174 in C:\Users\15174\IdeaProjects\wordlates1)
2021-06-27 00:50:43 [restartedMain] INFO  com.bjfu.wordlates.WordlatesApplication - The following profiles are active: $spring.active$
2021-06-27 00:50:43 [restartedMain] INFO  o.s.b.d.env.DevToolsPropertyDefaultsPostProcessor - Devtools property defaults active! Set 'spring.devtools.add-properties' to 'false' to disable
2021-06-27 00:50:43 [restartedMain] INFO  o.s.b.d.env.DevToolsPropertyDefaultsPostProcessor - For additional web related logging consider setting the 'logging.level.web' property to 'DEBUG'
2021-06-27 00:50:43 [restartedMain] WARN  org.mybatis.spring.mapper.ClassPathMapperScanner - No MyBatis mapper was found in '[com.bjfu.wordlates.entity]' package. Please check your configuration.
2021-06-27 00:50:44 [restartedMain] INFO  o.s.boot.web.embedded.tomcat.TomcatWebServer - Tomcat initialized with port(s): 8881 (http)
2021-06-27 00:50:44 [restartedMain] INFO  org.apache.coyote.http11.Http11NioProtocol - Initializing ProtocolHandler ["http-nio-8881"]
2021-06-27 00:50:44 [restartedMain] INFO  org.apache.catalina.core.StandardService - Starting service [Tomcat]
2021-06-27 00:50:44 [restartedMain] INFO  org.apache.catalina.core.StandardEngine - Starting Servlet engine: [Apache Tomcat/9.0.38]
2021-06-27 00:50:44 [restartedMain] INFO  o.a.c.core.ContainerBase.[Tomcat].[localhost].[/] - Initializing Spring embedded WebApplicationContext
2021-06-27 00:50:44 [restartedMain] INFO  o.s.b.w.s.c.ServletWebServerApplicationContext - Root WebApplicationContext: initialization completed in 1093 ms
2021-06-27 00:50:44 [restartedMain] INFO  s.d.s.w.PropertySourcedRequestMappingHandlerMapping - Mapped URL path [/v2/api-docs] onto method [springfox.documentation.swagger2.web.Swagger2Controller#getDocumentation(String, HttpServletRequest)]
2021-06-27 00:50:44 [restartedMain] INFO  o.s.scheduling.concurrent.ThreadPoolTaskExecutor - Initializing ExecutorService 'applicationTaskExecutor'
2021-06-27 00:50:44 [restartedMain] INFO  o.s.b.d.autoconfigure.OptionalLiveReloadServer - LiveReload server is running on port 35729
2021-06-27 00:50:44 [restartedMain] WARN  o.s.b.a.t.ThymeleafAutoConfiguration$DefaultTemplateResolverConfiguration - Cannot find template location: classpath:/templates/ (please add some templates or check your Thymeleaf configuration)
2021-06-27 00:50:44 [restartedMain] INFO  org.apache.coyote.http11.Http11NioProtocol - Starting ProtocolHandler ["http-nio-8881"]
2021-06-27 00:50:44 [restartedMain] INFO  o.s.boot.web.embedded.tomcat.TomcatWebServer - Tomcat started on port(s): 8881 (http) with context path ''
2021-06-27 00:50:44 [restartedMain] INFO  s.d.s.web.plugins.DocumentationPluginsBootstrapper - Context refreshed
2021-06-27 00:50:44 [restartedMain] INFO  s.d.s.web.plugins.DocumentationPluginsBootstrapper - Found 1 custom documentation plugin(s)
2021-06-27 00:50:44 [restartedMain] INFO  s.d.spring.web.scanners.ApiListingReferenceScanner - Scanning for api listing references
2021-06-27 00:50:45 [restartedMain] INFO  com.bjfu.wordlates.WordlatesApplication - Started WordlatesApplication in 2.163 seconds (JVM running for 3.12)
2021-06-27 00:50:47 [http-nio-8881-exec-1] INFO  o.a.c.core.ContainerBase.[Tomcat].[localhost].[/] - Initializing Spring DispatcherServlet 'dispatcherServlet'
2021-06-27 00:50:47 [http-nio-8881-exec-1] INFO  org.springframework.web.servlet.DispatcherServlet - Initializing Servlet 'dispatcherServlet'
2021-06-27 00:50:47 [http-nio-8881-exec-1] INFO  org.springframework.web.servlet.DispatcherServlet - Completed initialization in 4 ms
2021-06-27 00:51:11 [restartedMain] INFO  com.bjfu.wordlates.WordlatesApplication - Starting WordlatesApplication on albert with PID 20160 (C:\Users\15174\IdeaProjects\wordlates1\target\classes started by 15174 in C:\Users\15174\IdeaProjects\wordlates1)
2021-06-27 00:51:11 [restartedMain] INFO  com.bjfu.wordlates.WordlatesApplication - The following profiles are active: $spring.active$
2021-06-27 00:51:11 [restartedMain] INFO  o.s.b.d.env.DevToolsPropertyDefaultsPostProcessor - Devtools property defaults active! Set 'spring.devtools.add-properties' to 'false' to disable
2021-06-27 00:51:11 [restartedMain] INFO  o.s.b.d.env.DevToolsPropertyDefaultsPostProcessor - For additional web related logging consider setting the 'logging.level.web' property to 'DEBUG'
2021-06-27 00:51:11 [restartedMain] WARN  org.mybatis.spring.mapper.ClassPathMapperScanner - No MyBatis mapper was found in '[com.bjfu.wordlates.entity]' package. Please check your configuration.
2021-06-27 00:51:12 [restartedMain] INFO  o.s.boot.web.embedded.tomcat.TomcatWebServer - Tomcat initialized with port(s): 8881 (http)
2021-06-27 00:51:12 [restartedMain] INFO  org.apache.coyote.http11.Http11NioProtocol - Initializing ProtocolHandler ["http-nio-8881"]
2021-06-27 00:51:12 [restartedMain] INFO  org.apache.catalina.core.StandardService - Starting service [Tomcat]
2021-06-27 00:51:12 [restartedMain] INFO  org.apache.catalina.core.StandardEngine - Starting Servlet engine: [Apache Tomcat/9.0.38]
2021-06-27 00:51:12 [restartedMain] INFO  o.a.c.core.ContainerBase.[Tomcat].[localhost].[/] - Initializing Spring embedded WebApplicationContext
2021-06-27 00:51:12 [restartedMain] INFO  o.s.b.w.s.c.ServletWebServerApplicationContext - Root WebApplicationContext: initialization completed in 1092 ms
2021-06-27 00:51:12 [restartedMain] INFO  s.d.s.w.PropertySourcedRequestMappingHandlerMapping - Mapped URL path [/v2/api-docs] onto method [springfox.documentation.swagger2.web.Swagger2Controller#getDocumentation(String, HttpServletRequest)]
2021-06-27 00:51:12 [restartedMain] INFO  o.s.scheduling.concurrent.ThreadPoolTaskExecutor - Initializing ExecutorService 'applicationTaskExecutor'
2021-06-27 00:51:12 [restartedMain] INFO  o.s.b.d.autoconfigure.OptionalLiveReloadServer - LiveReload server is running on port 35729
2021-06-27 00:51:12 [restartedMain] WARN  o.s.b.a.t.ThymeleafAutoConfiguration$DefaultTemplateResolverConfiguration - Cannot find template location: classpath:/templates/ (please add some templates or check your Thymeleaf configuration)
2021-06-27 00:51:12 [restartedMain] INFO  org.apache.coyote.http11.Http11NioProtocol - Starting ProtocolHandler ["http-nio-8881"]
2021-06-27 00:51:12 [restartedMain] INFO  o.s.boot.web.embedded.tomcat.TomcatWebServer - Tomcat started on port(s): 8881 (http) with context path ''
2021-06-27 00:51:12 [restartedMain] INFO  s.d.s.web.plugins.DocumentationPluginsBootstrapper - Context refreshed
2021-06-27 00:51:12 [restartedMain] INFO  s.d.s.web.plugins.DocumentationPluginsBootstrapper - Found 1 custom documentation plugin(s)
2021-06-27 00:51:12 [restartedMain] INFO  s.d.spring.web.scanners.ApiListingReferenceScanner - Scanning for api listing references
2021-06-27 00:51:12 [restartedMain] INFO  com.bjfu.wordlates.WordlatesApplication - Started WordlatesApplication in 2.169 seconds (JVM running for 3.089)
2021-06-27 00:51:15 [http-nio-8881-exec-1] INFO  o.a.c.core.ContainerBase.[Tomcat].[localhost].[/] - Initializing Spring DispatcherServlet 'dispatcherServlet'
2021-06-27 00:51:15 [http-nio-8881-exec-1] INFO  org.springframework.web.servlet.DispatcherServlet - Initializing Servlet 'dispatcherServlet'
2021-06-27 00:51:15 [http-nio-8881-exec-1] INFO  org.springframework.web.servlet.DispatcherServlet - Completed initialization in 4 ms
2021-06-27 00:51:55 [restartedMain] INFO  com.bjfu.wordlates.WordlatesApplication - Starting WordlatesApplication on albert with PID 15472 (C:\Users\15174\IdeaProjects\wordlates1\target\classes started by 15174 in C:\Users\15174\IdeaProjects\wordlates1)
2021-06-27 00:51:55 [restartedMain] INFO  com.bjfu.wordlates.WordlatesApplication - The following profiles are active: $spring.active$
2021-06-27 00:51:55 [restartedMain] INFO  o.s.b.d.env.DevToolsPropertyDefaultsPostProcessor - Devtools property defaults active! Set 'spring.devtools.add-properties' to 'false' to disable
2021-06-27 00:51:55 [restartedMain] INFO  o.s.b.d.env.DevToolsPropertyDefaultsPostProcessor - For additional web related logging consider setting the 'logging.level.web' property to 'DEBUG'
2021-06-27 00:51:55 [restartedMain] WARN  org.mybatis.spring.mapper.ClassPathMapperScanner - No MyBatis mapper was found in '[com.bjfu.wordlates.entity]' package. Please check your configuration.
2021-06-27 00:51:56 [restartedMain] INFO  o.s.boot.web.embedded.tomcat.TomcatWebServer - Tomcat initialized with port(s): 8881 (http)
2021-06-27 00:51:56 [restartedMain] INFO  org.apache.coyote.http11.Http11NioProtocol - Initializing ProtocolHandler ["http-nio-8881"]
2021-06-27 00:51:56 [restartedMain] INFO  org.apache.catalina.core.StandardService - Starting service [Tomcat]
2021-06-27 00:51:56 [restartedMain] INFO  org.apache.catalina.core.StandardEngine - Starting Servlet engine: [Apache Tomcat/9.0.38]
2021-06-27 00:51:56 [restartedMain] INFO  o.a.c.core.ContainerBase.[Tomcat].[localhost].[/] - Initializing Spring embedded WebApplicationContext
2021-06-27 00:51:56 [restartedMain] INFO  o.s.b.w.s.c.ServletWebServerApplicationContext - Root WebApplicationContext: initialization completed in 1075 ms
2021-06-27 00:51:56 [restartedMain] INFO  s.d.s.w.PropertySourcedRequestMappingHandlerMapping - Mapped URL path [/v2/api-docs] onto method [springfox.documentation.swagger2.web.Swagger2Controller#getDocumentation(String, HttpServletRequest)]
2021-06-27 00:51:56 [restartedMain] INFO  o.s.scheduling.concurrent.ThreadPoolTaskExecutor - Initializing ExecutorService 'applicationTaskExecutor'
2021-06-27 00:51:56 [restartedMain] INFO  o.s.b.d.autoconfigure.OptionalLiveReloadServer - LiveReload server is running on port 35729
2021-06-27 00:51:56 [restartedMain] WARN  o.s.b.a.t.ThymeleafAutoConfiguration$DefaultTemplateResolverConfiguration - Cannot find template location: classpath:/templates/ (please add some templates or check your Thymeleaf configuration)
2021-06-27 00:51:57 [restartedMain] INFO  org.apache.coyote.http11.Http11NioProtocol - Starting ProtocolHandler ["http-nio-8881"]
2021-06-27 00:51:57 [restartedMain] INFO  o.s.boot.web.embedded.tomcat.TomcatWebServer - Tomcat started on port(s): 8881 (http) with context path ''
2021-06-27 00:51:57 [restartedMain] INFO  s.d.s.web.plugins.DocumentationPluginsBootstrapper - Context refreshed
2021-06-27 00:51:57 [restartedMain] INFO  s.d.s.web.plugins.DocumentationPluginsBootstrapper - Found 1 custom documentation plugin(s)
2021-06-27 00:51:57 [restartedMain] INFO  s.d.spring.web.scanners.ApiListingReferenceScanner - Scanning for api listing references
2021-06-27 00:51:57 [restartedMain] INFO  com.bjfu.wordlates.WordlatesApplication - Started WordlatesApplication in 2.152 seconds (JVM running for 3.094)
2021-06-27 00:52:00 [http-nio-8881-exec-1] INFO  o.a.c.core.ContainerBase.[Tomcat].[localhost].[/] - Initializing Spring DispatcherServlet 'dispatcherServlet'
2021-06-27 00:52:00 [http-nio-8881-exec-1] INFO  org.springframework.web.servlet.DispatcherServlet - Initializing Servlet 'dispatcherServlet'
2021-06-27 00:52:00 [http-nio-8881-exec-1] INFO  org.springframework.web.servlet.DispatcherServlet - Completed initialization in 4 ms
2021-06-27 00:52:18 [restartedMain] INFO  com.bjfu.wordlates.WordlatesApplication - Starting WordlatesApplication on albert with PID 17360 (C:\Users\15174\IdeaProjects\wordlates1\target\classes started by 15174 in C:\Users\15174\IdeaProjects\wordlates1)
2021-06-27 00:52:18 [restartedMain] INFO  com.bjfu.wordlates.WordlatesApplication - The following profiles are active: $spring.active$
2021-06-27 00:52:18 [restartedMain] INFO  o.s.b.d.env.DevToolsPropertyDefaultsPostProcessor - Devtools property defaults active! Set 'spring.devtools.add-properties' to 'false' to disable
2021-06-27 00:52:18 [restartedMain] INFO  o.s.b.d.env.DevToolsPropertyDefaultsPostProcessor - For additional web related logging consider setting the 'logging.level.web' property to 'DEBUG'
2021-06-27 00:52:19 [restartedMain] WARN  org.mybatis.spring.mapper.ClassPathMapperScanner - No MyBatis mapper was found in '[com.bjfu.wordlates.entity]' package. Please check your configuration.
2021-06-27 00:52:19 [restartedMain] INFO  o.s.boot.web.embedded.tomcat.TomcatWebServer - Tomcat initialized with port(s): 8881 (http)
2021-06-27 00:52:19 [restartedMain] INFO  org.apache.coyote.http11.Http11NioProtocol - Initializing ProtocolHandler ["http-nio-8881"]
2021-06-27 00:52:19 [restartedMain] INFO  org.apache.catalina.core.StandardService - Starting service [Tomcat]
2021-06-27 00:52:19 [restartedMain] INFO  org.apache.catalina.core.StandardEngine - Starting Servlet engine: [Apache Tomcat/9.0.38]
2021-06-27 00:52:19 [restartedMain] INFO  o.a.c.core.ContainerBase.[Tomcat].[localhost].[/] - Initializing Spring embedded WebApplicationContext
2021-06-27 00:52:19 [restartedMain] INFO  o.s.b.w.s.c.ServletWebServerApplicationContext - Root WebApplicationContext: initialization completed in 1092 ms
2021-06-27 00:52:20 [restartedMain] INFO  s.d.s.w.PropertySourcedRequestMappingHandlerMapping - Mapped URL path [/v2/api-docs] onto method [springfox.documentation.swagger2.web.Swagger2Controller#getDocumentation(String, HttpServletRequest)]
2021-06-27 00:52:20 [restartedMain] INFO  o.s.scheduling.concurrent.ThreadPoolTaskExecutor - Initializing ExecutorService 'applicationTaskExecutor'
2021-06-27 00:52:20 [restartedMain] INFO  o.s.b.d.autoconfigure.OptionalLiveReloadServer - LiveReload server is running on port 35729
2021-06-27 00:52:20 [restartedMain] WARN  o.s.b.a.t.ThymeleafAutoConfiguration$DefaultTemplateResolverConfiguration - Cannot find template location: classpath:/templates/ (please add some templates or check your Thymeleaf configuration)
2021-06-27 00:52:20 [restartedMain] INFO  org.apache.coyote.http11.Http11NioProtocol - Starting ProtocolHandler ["http-nio-8881"]
2021-06-27 00:52:20 [restartedMain] INFO  o.s.boot.web.embedded.tomcat.TomcatWebServer - Tomcat started on port(s): 8881 (http) with context path ''
2021-06-27 00:52:20 [restartedMain] INFO  s.d.s.web.plugins.DocumentationPluginsBootstrapper - Context refreshed
2021-06-27 00:52:20 [restartedMain] INFO  s.d.s.web.plugins.DocumentationPluginsBootstrapper - Found 1 custom documentation plugin(s)
2021-06-27 00:52:20 [restartedMain] INFO  s.d.spring.web.scanners.ApiListingReferenceScanner - Scanning for api listing references
2021-06-27 00:52:20 [restartedMain] INFO  com.bjfu.wordlates.WordlatesApplication - Started WordlatesApplication in 2.181 seconds (JVM running for 3.134)
2021-06-27 00:52:23 [http-nio-8881-exec-1] INFO  o.a.c.core.ContainerBase.[Tomcat].[localhost].[/] - Initializing Spring DispatcherServlet 'dispatcherServlet'
2021-06-27 00:52:23 [http-nio-8881-exec-1] INFO  org.springframework.web.servlet.DispatcherServlet - Initializing Servlet 'dispatcherServlet'
2021-06-27 00:52:23 [http-nio-8881-exec-1] INFO  org.springframework.web.servlet.DispatcherServlet - Completed initialization in 4 ms
